:Monkey: seed=1 count=100
:AllowPackage: com.yaya.mmbang
:IncludeCategory: android.intent.category.LAUNCHER
:IncludeCategory: android.intent.category.MONKEY
// Selecting main activities from category android.intent.category.LAUNCHER
//   - NOT USING main activity com.miui.barcodescanner.activity.CaptureActivity (from package com.miui.barcodescanner)
//   - NOT USING main activity com.android.contacts.activities.PeopleActivity (from package com.android.contacts)
//   - NOT USING main activity com.android.contacts.activities.TwelveKeyDialer (from package com.android.contacts)
//   - NOT USING main activity com.android.camera.Camera (from package com.android.camera)
//   - NOT USING main activity com.miui.gallery.app.Gallery (from package com.miui.gallery)
//   - NOT USING main activity com.miui.fmradio.FmRadioActivity (from package com.miui.fmradio)
//   - NOT USING main activity com.android.mms.ui.MmsTabActivity (from package com.android.mms)
//   - NOT USING main activity com.android.settings.MainSettings (from package com.android.settings)
//   - NOT USING main activity com.android.calculator2.Calculator (from package com.android.calculator2)
//   - NOT USING main activity com.android.deskclock.DeskClockTabActivity (from package com.android.deskclock)
//   - NOT USING main activity com.android.email.activity.Welcome (from package com.android.email)
//   - NOT USING main activity com.mipay.wallet.ui.MipayEntryActivity (from package com.mipay.wallet)
//   - NOT USING main activity com.miui.notes.ui.NotesListActivity (from package com.miui.notes)
//   - NOT USING main activity com.android.thememanager.ThemeResourceTabActivity (from package com.android.thememanager)
//   - NOT USING main activity com.android.browser.BrowserActivity (from package com.android.browser)
//   - NOT USING main activity com.android.fileexplorer.FileExplorerTabActivity (from package com.android.fileexplorer)
//   - NOT USING main activity com.android.calendar.AllInOneActivity (from package com.android.calendar)
//   - NOT USING main activity com.miui.weather2.ActivityWeatherMain (from package com.miui.weather2)
//   - NOT USING main activity me.ele.Launcher (from package me.ele)
//   - NOT USING main activity com.xiaomi.jr.CTAActivity (from package com.xiaomi.jr)
//   - NOT USING main activity com.wandoujia.jupiter.activity.HomeActivity (from package com.wandoujia.phoenix2)
//   - NOT USING main activity com.google.android.apps.chrome.Main (from package com.android.chrome)
//   - NOT USING main activity com.qihoo.browser.activity.SplashActivity (from package com.qihoo.browser)
//   - NOT USING main activity com.sohu.inputmethod.sogou.SogouIMELauncher (from package com.sohu.inputmethod.sogou)
//   - NOT USING main activity com.baidu.baidumaps.WelcomeScreen (from package com.baidu.BaiduMap)
//   - NOT USING main activity com.dangdang.buy2.StartupActivity (from package com.dangdang.buy2)
//   - NOT USING main activity com.qihoo.appstore.home.LauncherActivity (from package com.qihoo.appstore)
//   - NOT USING main activity com.miui.securitycenter.MainActivity (from package com.miui.securitycenter)
//   - NOT USING main activity com.miui.bugreport.ui.MainActivity (from package com.miui.bugreport)
//   - NOT USING main activity com.android.providers.downloads.ui.DownloadList (from package com.android.providers.downloads.ui)
//   - NOT USING main activity com.miui.compass.CompassActivity (from package com.miui.compass)
//   - NOT USING main activity com.xiaomi.market.ui.MarketTabActivity (from package com.xiaomi.market)
//   - NOT USING main activity com.android.soundrecorder.SoundRecorder (from package com.android.soundrecorder)
//   - NOT USING main activity com.android.updater.MainActivity (from package com.android.updater)
//   - NOT USING main activity com.miui.voiceassist.CTAAlertActivity (from package com.miui.voiceassist)
//   - NOT USING main activity com.xiaomi.account.ui.AccountSettingsActivity (from package com.xiaomi.account)
//   - NOT USING main activity com.google.android.apps.inputmethod.libs.framework.core.LauncherActivity (from package com.google.android.inputmethod.pinyin)
//   - NOT USING main activity com.xiaomi.gamecenter.ui.MainTabActivity (from package com.xiaomi.gamecenter)
//   - NOT USING main activity com.miui.player.ui.MusicBrowserActivity (from package com.miui.player)
//   - NOT USING main activity com.miui.video.HomeActivity (from package com.miui.video)
//   - NOT USING main activity com.mqunar.splash.SplashActivity (from package com.Qunar)
//   - NOT USING main activity com.taobao.tao.welcome.Welcome (from package com.taobao.taobao)
//   - NOT USING main activity com.storm.market.activity.MainSplashActivity (from package com.storm.market)
//   - NOT USING main activity com.kuaikan.comic.ui.LaunchActivity (from package com.kuaikan.comic)
//   - NOT USING main activity com.tencent.mm.ui.LauncherUI (from package com.tencent.mm)
//   - NOT USING main activity com.xiaomi.shop.activity.MainTabActivity (from package com.xiaomi.shop)
//   - NOT USING main activity com.xiaomi.o2o.activity.GuideActivity (from package com.xiaomi.o2o)
//   - NOT USING main activity com.lingan.seeyou.ui.activity.main.WelcomeActivity (from package com.lingan.seeyou)
//   - NOT USING main activity com.kugou.android.app.splash.SplashActivity (from package com.kugou.android)
//   - NOT USING main activity com.tencent.wstt.gt.activity.SplashActivity (from package com.tencent.wstt.gt)
//   - NOT USING main activity com.jm.android.jumei.JuMeiProject (from package com.jm.android.jumei)
//   - NOT USING main activity com.xiaomi.channel.ui.ChannelLauncherActivity (from package com.xiaomi.channel)
//   - NOT USING main activity com.didapinche.booking.home.activity.StartActivity (from package com.didapinche.booking)
//   - NOT USING main activity com.sina.weibo.SplashActivity (from package com.sina.weibo)
//   - NOT USING main activity com.ndoo.pcassist.activity.MainActivity (from package com.ndoo.pcassist)
//   - NOT USING main activity com.yaya.zone.activity.SplashActivity (from package com.yaya.zone)
//   - NOT USING main activity com.mt.mtxx.mtxx.TopViewActivity (from package com.mt.mtxx.mtxx)
//   - NOT USING main activity com.ttxg.fruitday.MainActivity_ (from package com.ttxg.fruitday)
//   - NOT USING main activity com.amazon.mShop.home.HomeActivity (from package cn.amazon.mShop.android)
//   - NOT USING main activity com.eku001.kangda.views.SplashScreen (from package com.eku001.kangda)
//   - NOT USING main activity com.sankuai.movie.welcome.Welcome (from package com.sankuai.movie)
//   - NOT USING main activity cn.wps.moffice.documentmanager.PreStartActivity (from package cn.wps.moffice_eng)
//   - NOT USING main activity com.didi.sdk.splash.SplashActivity (from package com.sdu.didi.psnger)
//   - NOT USING main activity pdj.start.StartActivity (from package com.jingdong.pdj)
//   - NOT USING main activity com.babytree.apps.pregnancy.MainActivity (from package com.babytree.apps.pregnancy)
//   - NOT USING main activity com.autonavi.map.activity.SplashActivity (from package com.autonavi.minimap)
//   - NOT USING main activity com.yaya.haowan.ui.SplashActivity (from package com.yaya.haowan)
//   - NOT USING main activity com.tencent.mtt.SplashActivity (from package com.tencent.mtt)
//   - NOT USING main activity com.storm.yeelion.activity.WelcomeActivity (from package com.storm.yeelion)
//   - NOT USING main activity com.yidian.xiaomi.ui.guide.UserGuideActivity (from package com.yidian.xiaomi)
//   - NOT USING main activity com.qihoo.util.StartActivity (from package cn.damai.tdplay)
//   - NOT USING main activity com.youloft.calendar.MainActivity (from package com.youloft.calendar)
//   - NOT USING main activity com.duokan.reader.DkReaderActivity (from package com.duokan.reader)
//   - NOT USING main activity com.tencent.mobileqq.activity.SplashActivity (from package com.tencent.mobileqq)
//   - NOT USING main activity org.vv.brainTwister.WelcomeActivity (from package org.vv.brainTwister)
//   - NOT USING main activity com.fanli.android.activity.SplashActivity (from package com.fanli.android.apps)
//   - NOT USING main activity com.happyelements.hellolua.MainActivity (from package com.happyelements.AndroidAnimal)
//   - NOT USING main activity com.sankuai.meituan.activity.Welcome (from package com.sankuai.meituan)
//   - NOT USING main activity com.storm.smart.LogoActivity (from package com.storm.smart)
//   - NOT USING main activity com.baidu.lbs.waimai.SplashActivity (from package com.baidu.lbs.waimai)
//   - NOT USING main activity com.ulfdittmer.android.ping.Main (from package com.ulfdittmer.android.ping)
//   - NOT USING main activity com.qihoo360.mobilesafe.ui.index.AppEnterActivity (from package com.qihoo360.mobilesafe)
//   - NOT USING main activity com.ijinshan.kbatterydoctor.SplashActivity (from package com.ijinshan.kbatterydoctor)
//   - NOT USING main activity com.north.expressnews.WelcomeActivity (from package com.dealmoon.android)
//   - NOT USING main activity com.icloverlabs.idrinkwaterapp.ui.SplashScreenActivity (from package com.icloverlabs.idrinkwaterapp)
//   - NOT USING main activity cn.itools.tool.market.ui.activity.HostActivity (from package cn.itools.tool.market)
//   - NOT USING main activity com.jingdong.app.mall.MainActivity (from package com.jingdong.app.mall)
//   - NOT USING main activity com.wangzhi.MaMaHelp.SplashScreen (from package com.wangzhi.MaMaHelp)
//   + Using main activity com.yaya.mmbang.activity.SplashActivity (from package com.yaya.mmbang)
//   - NOT USING main activity com.meiyou.pregnancy.ui.welcome.WelcomeActivity (from package com.lingan.yunqi)
// Selecting main activities from category android.intent.category.MONKEY
//   - NOT USING main activity com.miui.home.launcher.Launcher (from package com.miui.home)
//   - NOT USING main activity com.android.settings.applications.ManageApplicationsActivity (from package com.android.settings)
//   - NOT USING main activity com.mipay.wallet.ui.MipayEntryActivity (from package com.mipay.wallet)
//   - NOT USING main activity com.xiaomi.payment.MiliCenterEntryActivity (from package com.xiaomi.payment)
//   - NOT USING main activity com.miui.mipub.ui.cvlist.ConversationListActivity (from package com.miui.mipub)
//   - NOT USING main activity com.miui.yellowpage.activity.MonkeyActivity (from package com.miui.yellowpage)
//   - NOT USING main activity com.miui.virtualsim.monkeyentry.MonkeyActivity (from package com.miui.virtualsim)
//   - NOT USING main activity com.xiaomi.vip.ui.monkeyentry.MonkeyActivity (from package com.xiaomi.vip)
// Seeded: 1
// Event percentages:
//   0: 15.0%
//   1: 10.0%
//   2: 2.0%
//   3: 15.0%
//   4: -0.0%
//   5: 25.0%
//   6: 15.0%
//   7: 2.0%
//   8: 2.0%
//   9: 1.0%
//   10: 13.0%
:Switch: #Intent;action=android.intent.action.MAIN;category=android.intent.category.LAUNCHER;launchFlags=0x10200000;component=com.yaya.mmbang/.activity.SplashActivity;end
    // Allowing start of Intent { act=android.intent.action.MAIN cat=[android.intent.category.LAUNCHER] cmp=com.yaya.mmbang/.activity.SplashActivity } in package com.yaya.mmbang
Sleeping for 500 milliseconds
:Sending Touch (ACTION_DOWN): 0:(1207.0,713.0)
:Sending Touch (ACTION_UP): 0:(1202.1376,697.72205)
Sleeping for 500 milliseconds
:Sending Key (ACTION_DOWN): 65    // KEYCODE_ENVELOPE
    // Rejecting start of Intent { act=android.intent.action.MAIN cat=[android.intent.category.LAUNCHER] cmp=com.android.email/.activity.Welcome } in package com.android.email
:Sending Key (ACTION_UP): 65    // KEYCODE_ENVELOPE
Sleeping for 500 milliseconds
:Sending Touch (ACTION_DOWN): 0:(1033.0,477.0)
:Sending Touch (ACTION_UP): 0:(1023.5691,497.8319)
Sleeping for 500 milliseconds
:Sending Key (ACTION_DOWN): 73    // KEYCODE_BACKSLASH
:Sending Key (ACTION_UP): 73    // KEYCODE_BACKSLASH
Sleeping for 500 milliseconds
:Sending Key (ACTION_DOWN): 20    // KEYCODE_DPAD_DOWN
:Sending Key (ACTION_UP): 20    // KEYCODE_DPAD_DOWN
Sleeping for 500 milliseconds
:Sending Key (ACTION_DOWN): 59    // KEYCODE_SHIFT_LEFT
:Sending Key (ACTION_UP): 59    // KEYCODE_SHIFT_LEFT
Sleeping for 500 milliseconds
:Sending Touch (ACTION_DOWN): 0:(914.0,1999.0)
:Sending Touch (ACTION_MOVE): 0:(914.1748,2013.0416)
:Sending Touch (ACTION_MOVE): 0:(914.3639,2025.0669)
:Sending Touch (ACTION_MOVE): 0:(914.3776,2027.9233)
:Sending Touch (ACTION_MOVE): 0:(914.6246,2034.8154)
:Sending Touch (ACTION_MOVE): 0:(914.82684,2037.3623)
:Sending Touch (ACTION_MOVE): 0:(915.1119,2050.0264)
:Sending Touch (ACTION_MOVE): 0:(915.2578,2064.7002)
:Sending Touch (ACTION_UP): 0:(915.2594,2064.7917)
Sleeping for 500 milliseconds
:Switch: #Intent;action=android.intent.action.MAIN;category=android.intent.category.LAUNCHER;launchFlags=0x10200000;component=com.yaya.mmbang/.activity.SplashActivity;end
    // Allowing start of Intent { act=android.intent.action.MAIN cat=[android.intent.category.LAUNCHER] cmp=com.yaya.mmbang/.activity.SplashActivity } in package com.yaya.mmbang
Sleeping for 500 milliseconds
:Sending Touch (ACTION_DOWN): 0:(100.0,557.0)
:Sending Touch (ACTION_UP): 0:(91.37761,556.152)
Sleeping for 500 milliseconds
:Sending Key (ACTION_DOWN): 21    // KEYCODE_DPAD_LEFT
:Sending Key (ACTION_UP): 21    // KEYCODE_DPAD_LEFT
Sleeping for 500 milliseconds
:Sending Key (ACTION_DOWN): 22    // KEYCODE_DPAD_RIGHT
:Sending Key (ACTION_UP): 22    // KEYCODE_DPAD_RIGHT
Sleeping for 500 milliseconds
:Sending Touch (ACTION_DOWN): 0:(644.0,1200.0)
:Sending Touch (ACTION_MOVE): 0:(643.8345,1189.2245)
:Sending Touch (ACTION_MOVE): 0:(641.3399,1181.5587)
:Sending Touch (ACTION_MOVE): 0:(638.58185,1173.8732)
:Sending Touch (ACTION_UP): 0:(630.2112,1171.8778)
Sleeping for 500 milliseconds
:Sending Key (ACTION_DOWN): 143    // KEYCODE_NUM_LOCK
:Sending Key (ACTION_UP): 143    // KEYCODE_NUM_LOCK
Sleeping for 500 milliseconds
:Sending Touch (ACTION_DOWN): 0:(1287.0,312.0)
:Sending Touch (ACTION_MOVE): 0:(1294.4663,298.58835)
:Sending Touch (ACTION_MOVE): 0:(1298.4958,291.23502)
:Sending Touch (ACTION_MOVE): 0:(1313.876,285.7671)
:Sending Touch (ACTION_MOVE): 0:(1314.5383,281.93628)
:Sending Touch (ACTION_MOVE): 0:(1324.7762,280.34326)
:Sending Touch (ACTION_MOVE): 0:(1336.0995,277.1126)
:Sending Touch (ACTION_MOVE): 0:(1338.1707,263.10733)
:Sending Touch (ACTION_UP): 0:(1349.4473,254.82956)
Sleeping for 500 milliseconds
:Sending Key (ACTION_DOWN): 69    // KEYCODE_MINUS
:Sending Key (ACTION_UP): 69    // KEYCODE_MINUS
Sleeping for 500 milliseconds
:Sending Touch (ACTION_DOWN): 0:(1194.0,592.0)
:Sending Touch (ACTION_POINTER_DOWN 1): 0:(1193.0762,595.47284) 1:(894.0,2144.0)
:Sending Touch (ACTION_MOVE): 0:(1191.909,607.401) 1:(893.2108,2123.6003)
:Sending Touch (ACTION_MOVE): 0:(1191.2843,617.00665) 1:(892.4561,2112.5784)
:Sending Touch (ACTION_MOVE): 0:(1191.0706,625.1199) 1:(892.0676,2105.6687)
:Sending Touch (ACTION_MOVE): 0:(1190.0698,638.6926) 1:(890.6632,2084.084)
:Sending Touch (ACTION_MOVE): 0:(1190.0416,642.65656) 1:(889.64386,2080.212)
:Sending Touch (ACTION_MOVE): 0:(1189.5973,653.0435) 1:(887.3691,2067.7542)
:Sending Touch (ACTION_MOVE): 0:(1189.396,664.16583) 1:(885.89606,2050.0544)
:Sending Touch (ACTION_POINTER_UP 1): 0:(1188.4308,677.392) 1:(884.8737,2045.465)
:Sending Touch (ACTION_UP): 0:(1187.6199,682.2153)
Sleeping for 500 milliseconds
:Sending Key (ACTION_DOWN): 23    // KEYCODE_DPAD_CENTER
:Sending Key (ACTION_UP): 23    // KEYCODE_DPAD_CENTER
Sleeping for 500 milliseconds
:Sending Touch (ACTION_DOWN): 0:(1012.0,2423.0)
:Sending Touch (ACTION_MOVE): 0:(1029.8496,2440.9377)
:Sending Touch (ACTION_MOVE): 0:(1032.0271,2444.436)
:Sending Touch (ACTION_MOVE): 0:(1042.5931,2458.1094)
:Sending Touch (ACTION_UP): 0:(1050.3418,2458.2974)
Sleeping for 500 milliseconds
:Sending Key (ACTION_DOWN): 21    // KEYCODE_DPAD_LEFT
:Sending Key (ACTION_UP): 21    // KEYCODE_DPAD_LEFT
Sleeping for 500 milliseconds
:Sending Trackball (ACTION_MOVE): 0:(-2.0,1.0)
:Sending Trackball (ACTION_MOVE): 0:(-4.0,1.0)
:Sending Trackball (ACTION_MOVE): 0:(3.0,0.0)
:Sending Trackball (ACTION_MOVE): 0:(2.0,3.0)
:Sending Trackball (ACTION_MOVE): 0:(-3.0,0.0)
:Sending Trackball (ACTION_MOVE): 0:(1.0,-5.0)
:Sending Trackball (ACTION_MOVE): 0:(-5.0,4.0)
:Sending Trackball (ACTION_MOVE): 0:(0.0,3.0)
:Sending Trackball (ACTION_MOVE): 0:(-5.0,-5.0)
:Sending Trackball (ACTION_MOVE): 0:(0.0,1.0)
:Sending Key (ACTION_DOWN): 82    // KEYCODE_MENU
:Sending Key (ACTION_UP): 82    // KEYCODE_MENU
Sleeping for 500 milliseconds
:Sending Touch (ACTION_DOWN): 0:(582.0,199.0)
:Sending Touch (ACTION_POINTER_DOWN 1): 0:(582.42773,200.17673) 1:(198.0,393.0)
:Sending Touch (ACTION_MOVE): 0:(584.0729,203.266) 1:(200.93694,393.36108)
:Sending Touch (ACTION_MOVE): 0:(586.14246,206.0102) 1:(201.64548,394.45676)
:Sending Touch (ACTION_MOVE): 0:(588.2908,207.61778) 1:(204.22166,395.22873)
:Sending Touch (ACTION_MOVE): 0:(589.70593,208.9449) 1:(204.30397,396.35895)
:Sending Touch (ACTION_MOVE): 0:(594.5426,212.32639) 1:(206.77174,396.90472)
:Sending Touch (ACTION_MOVE): 0:(598.302,214.03386) 1:(211.20938,397.25458)
:Sending Touch (ACTION_MOVE): 0:(603.35834,217.34981) 1:(214.82512,398.3981)
:Sending Touch (ACTION_MOVE): 0:(608.3,217.54837) 1:(216.82048,398.98834)
:Sending Touch (ACTION_MOVE): 0:(610.28357,221.4669) 1:(218.18806,400.15143)
:Sending Touch (ACTION_POINTER_UP 1): 0:(610.77704,221.75082) 1:(220.73856,401.1364)
:Sending Touch (ACTION_UP): 0:(612.3077,223.69408)
Sleeping for 500 milliseconds
:Sending Key (ACTION_DOWN): 22    // KEYCODE_DPAD_RIGHT
:Sending Key (ACTION_UP): 22    // KEYCODE_DPAD_RIGHT
Sleeping for 500 milliseconds
:Sending Key (ACTION_DOWN): 146    // KEYCODE_NUMPAD_2
:Sending Key (ACTION_UP): 146    // KEYCODE_NUMPAD_2
Sleeping for 500 milliseconds
:Sending Key (ACTION_DOWN): 21    // KEYCODE_DPAD_LEFT
:Sending Key (ACTION_UP): 21    // KEYCODE_DPAD_LEFT
Sleeping for 500 milliseconds
:Sending Key (ACTION_DOWN): 21    // KEYCODE_DPAD_LEFT
:Sending Key (ACTION_UP): 21    // KEYCODE_DPAD_LEFT
Events injected: 100
:Sending rotation degree=0, persist=false
:Dropped: keys=0 pointers=0 trackballs=0 flips=0 rotations=0
## Network stats: elapsed time=13010ms (0ms mobile, 0ms wifi, 13010ms not connected)
// Monkey finished
