:Monkey: seed=2 count=1000
:AllowPackage: com.yaya.mmbang
:IncludeCategory: android.intent.category.LAUNCHER
:IncludeCategory: android.intent.category.MONKEY
// Selecting main activities from category android.intent.category.LAUNCHER
//   - NOT USING main activity com.miui.barcodescanner.activity.CaptureActivity (from package com.miui.barcodescanner)
//   - NOT USING main activity com.android.contacts.activities.PeopleActivity (from package com.android.contacts)
//   - NOT USING main activity com.android.contacts.activities.TwelveKeyDialer (from package com.android.contacts)
//   - NOT USING main activity com.android.camera.Camera (from package com.android.camera)
//   - NOT USING main activity com.miui.gallery.app.Gallery (from package com.miui.gallery)
//   - NOT USING main activity com.miui.fmradio.FmRadioActivity (from package com.miui.fmradio)
//   - NOT USING main activity com.android.mms.ui.MmsTabActivity (from package com.android.mms)
//   - NOT USING main activity com.android.settings.MainSettings (from package com.android.settings)
//   - NOT USING main activity com.android.calculator2.Calculator (from package com.android.calculator2)
//   - NOT USING main activity com.android.deskclock.DeskClockTabActivity (from package com.android.deskclock)
//   - NOT USING main activity com.android.email.activity.Welcome (from package com.android.email)
//   - NOT USING main activity com.mipay.wallet.ui.MipayEntryActivity (from package com.mipay.wallet)
//   - NOT USING main activity com.miui.notes.ui.NotesListActivity (from package com.miui.notes)
//   - NOT USING main activity com.android.thememanager.ThemeResourceTabActivity (from package com.android.thememanager)
//   - NOT USING main activity com.miui.weather2.ActivityWeatherMain (from package com.miui.weather2)
//   - NOT USING main activity com.android.calendar.AllInOneActivity (from package com.android.calendar)
//   - NOT USING main activity com.android.browser.BrowserActivity (from package com.android.browser)
//   - NOT USING main activity com.android.fileexplorer.FileExplorerTabActivity (from package com.android.fileexplorer)
//   - NOT USING main activity me.ele.Launcher (from package me.ele)
//   - NOT USING main activity com.xiaomi.jr.CTAActivity (from package com.xiaomi.jr)
//   - NOT USING main activity com.wandoujia.jupiter.activity.HomeActivity (from package com.wandoujia.phoenix2)
//   - NOT USING main activity com.google.android.apps.chrome.Main (from package com.android.chrome)
//   - NOT USING main activity com.qihoo.browser.activity.SplashActivity (from package com.qihoo.browser)
//   - NOT USING main activity com.sohu.inputmethod.sogou.SogouIMELauncher (from package com.sohu.inputmethod.sogou)
//   - NOT USING main activity com.baidu.baidumaps.WelcomeScreen (from package com.baidu.BaiduMap)
//   - NOT USING main activity com.qihoo.appstore.home.LauncherActivity (from package com.qihoo.appstore)
//   - NOT USING main activity com.dangdang.buy2.StartupActivity (from package com.dangdang.buy2)
//   - NOT USING main activity com.miui.securitycenter.MainActivity (from package com.miui.securitycenter)
//   - NOT USING main activity com.miui.bugreport.ui.MainActivity (from package com.miui.bugreport)
//   - NOT USING main activity com.android.providers.downloads.ui.DownloadList (from package com.android.providers.downloads.ui)
//   - NOT USING main activity com.miui.compass.CompassActivity (from package com.miui.compass)
//   - NOT USING main activity com.xiaomi.market.ui.MarketTabActivity (from package com.xiaomi.market)
//   - NOT USING main activity com.android.soundrecorder.SoundRecorder (from package com.android.soundrecorder)
//   - NOT USING main activity com.android.updater.MainActivity (from package com.android.updater)
//   - NOT USING main activity com.miui.voiceassist.CTAAlertActivity (from package com.miui.voiceassist)
//   - NOT USING main activity com.xiaomi.account.ui.AccountSettingsActivity (from package com.xiaomi.account)
//   - NOT USING main activity com.miui.player.ui.MusicBrowserActivity (from package com.miui.player)
//   - NOT USING main activity com.xiaomi.gamecenter.ui.MainTabActivity (from package com.xiaomi.gamecenter)
//   - NOT USING main activity com.google.android.apps.inputmethod.libs.framework.core.LauncherActivity (from package com.google.android.inputmethod.pinyin)
//   - NOT USING main activity com.miui.video.HomeActivity (from package com.miui.video)
//   - NOT USING main activity com.jingdong.app.mall.MainActivity (from package com.jingdong.app.mall)
//   - NOT USING main activity com.taobao.tao.welcome.Welcome (from package com.taobao.taobao)
//   - NOT USING main activity com.storm.market.activity.MainSplashActivity (from package com.storm.market)
//   - NOT USING main activity com.tencent.mm.ui.LauncherUI (from package com.tencent.mm)
//   - NOT USING main activity com.xiaomi.shop.activity.MainTabActivity (from package com.xiaomi.shop)
//   - NOT USING main activity com.xiaomi.o2o.activity.GuideActivity (from package com.xiaomi.o2o)
//   - NOT USING main activity com.lingan.seeyou.ui.activity.main.WelcomeActivity (from package com.lingan.seeyou)
//   - NOT USING main activity com.kugou.android.app.splash.SplashActivity (from package com.kugou.android)
//   - NOT USING main activity com.mqunar.splash.SplashActivity (from package com.Qunar)
//   - NOT USING main activity com.meiyou.pregnancy.ui.welcome.WelcomeActivity (from package com.lingan.yunqi)
//   - NOT USING main activity com.tencent.wstt.gt.activity.SplashActivity (from package com.tencent.wstt.gt)
//   - NOT USING main activity com.jm.android.jumei.JuMeiProject (from package com.jm.android.jumei)
//   - NOT USING main activity com.xiaomi.channel.ui.ChannelLauncherActivity (from package com.xiaomi.channel)
//   - NOT USING main activity com.didapinche.booking.home.activity.StartActivity (from package com.didapinche.booking)
//   - NOT USING main activity com.sina.weibo.SplashActivity (from package com.sina.weibo)
//   - NOT USING main activity com.ndoo.pcassist.activity.MainActivity (from package com.ndoo.pcassist)
//   - NOT USING main activity com.yaya.zone.activity.SplashActivity (from package com.yaya.zone)
//   - NOT USING main activity com.mt.mtxx.mtxx.TopViewActivity (from package com.mt.mtxx.mtxx)
//   - NOT USING main activity com.ttxg.fruitday.MainActivity_ (from package com.ttxg.fruitday)
//   - NOT USING main activity com.amazon.mShop.home.HomeActivity (from package cn.amazon.mShop.android)
//   - NOT USING main activity com.eku001.kangda.views.SplashScreen (from package com.eku001.kangda)
//   - NOT USING main activity com.sankuai.movie.welcome.Welcome (from package com.sankuai.movie)
//   - NOT USING main activity cn.wps.moffice.documentmanager.PreStartActivity (from package cn.wps.moffice_eng)
//   - NOT USING main activity com.didi.sdk.splash.SplashActivity (from package com.sdu.didi.psnger)
//   - NOT USING main activity pdj.start.StartActivity (from package com.jingdong.pdj)
//   - NOT USING main activity com.babytree.apps.pregnancy.MainActivity (from package com.babytree.apps.pregnancy)
//   - NOT USING main activity com.autonavi.map.activity.SplashActivity (from package com.autonavi.minimap)
//   - NOT USING main activity com.yaya.haowan.ui.SplashActivity (from package com.yaya.haowan)
//   - NOT USING main activity com.tencent.mtt.SplashActivity (from package com.tencent.mtt)
//   - NOT USING main activity com.wangzhi.MaMaHelp.SplashScreen (from package com.wangzhi.MaMaHelp)
//   - NOT USING main activity com.storm.yeelion.activity.WelcomeActivity (from package com.storm.yeelion)
//   - NOT USING main activity com.yidian.xiaomi.ui.guide.UserGuideActivity (from package com.yidian.xiaomi)
//   - NOT USING main activity com.qihoo.util.StartActivity (from package cn.damai.tdplay)
//   - NOT USING main activity com.youloft.calendar.MainActivity (from package com.youloft.calendar)
//   - NOT USING main activity org.vv.brainTwister.WelcomeActivity (from package org.vv.brainTwister)
//   - NOT USING main activity com.happyelements.hellolua.MainActivity (from package com.happyelements.AndroidAnimal)
//   - NOT USING main activity com.sankuai.meituan.activity.Welcome (from package com.sankuai.meituan)
//   - NOT USING main activity com.baidu.lbs.waimai.SplashActivity (from package com.baidu.lbs.waimai)
//   - NOT USING main activity cn.itools.tool.market.ui.activity.HostActivity (from package cn.itools.tool.market)
//   - NOT USING main activity com.ulfdittmer.android.ping.Main (from package com.ulfdittmer.android.ping)
//   - NOT USING main activity com.qihoo360.mobilesafe.ui.index.AppEnterActivity (from package com.qihoo360.mobilesafe)
//   - NOT USING main activity com.ijinshan.kbatterydoctor.SplashActivity (from package com.ijinshan.kbatterydoctor)
//   - NOT USING main activity com.north.expressnews.WelcomeActivity (from package com.dealmoon.android)
//   - NOT USING main activity com.kuaikan.comic.ui.LaunchActivity (from package com.kuaikan.comic)
//   - NOT USING main activity com.fanli.android.activity.SplashActivity (from package com.fanli.android.apps)
//   - NOT USING main activity com.icloverlabs.idrinkwaterapp.ui.SplashScreenActivity (from package com.icloverlabs.idrinkwaterapp)
//   - NOT USING main activity com.tencent.mobileqq.activity.SplashActivity (from package com.tencent.mobileqq)
//   - NOT USING main activity com.duokan.reader.DkReaderActivity (from package com.duokan.reader)
//   - NOT USING main activity com.storm.smart.LogoActivity (from package com.storm.smart)
//   + Using main activity com.yaya.mmbang.activity.SplashActivity (from package com.yaya.mmbang)
// Selecting main activities from category android.intent.category.MONKEY
//   - NOT USING main activity com.miui.home.launcher.Launcher (from package com.miui.home)
//   - NOT USING main activity com.android.settings.applications.ManageApplicationsActivity (from package com.android.settings)
//   - NOT USING main activity com.mipay.wallet.ui.MipayEntryActivity (from package com.mipay.wallet)
//   - NOT USING main activity com.xiaomi.payment.MiliCenterEntryActivity (from package com.xiaomi.payment)
//   - NOT USING main activity com.miui.mipub.ui.cvlist.ConversationListActivity (from package com.miui.mipub)
//   - NOT USING main activity com.miui.yellowpage.activity.MonkeyActivity (from package com.miui.yellowpage)
//   - NOT USING main activity com.miui.virtualsim.monkeyentry.MonkeyActivity (from package com.miui.virtualsim)
//   - NOT USING main activity com.xiaomi.vip.ui.monkeyentry.MonkeyActivity (from package com.xiaomi.vip)
// Seeded: 2
// Event percentages:
//   0: 15.0%
//   1: 10.0%
//   2: 2.0%
//   3: 15.0%
//   4: -0.0%
//   5: 25.0%
//   6: 15.0%
//   7: 2.0%
//   8: 2.0%
//   9: 1.0%
//   10: 13.0%
:Switch: #Intent;action=android.intent.action.MAIN;category=android.intent.category.LAUNCHER;launchFlags=0x10200000;component=com.yaya.mmbang/.activity.SplashActivity;end
    // Allowing start of Intent { act=android.intent.action.MAIN cat=[android.intent.category.LAUNCHER] cmp=com.yaya.mmbang/.activity.SplashActivity } in package com.yaya.mmbang
Sleeping for 500 milliseconds
:Sending Trackball (ACTION_MOVE): 0:(-5.0,2.0)
:Sending Trackball (ACTION_MOVE): 0:(4.0,-5.0)
:Sending Trackball (ACTION_MOVE): 0:(1.0,4.0)
:Sending Trackball (ACTION_MOVE): 0:(2.0,3.0)
:Sending Trackball (ACTION_MOVE): 0:(-1.0,1.0)
:Sending Trackball (ACTION_MOVE): 0:(-1.0,-1.0)
:Sending Trackball (ACTION_MOVE): 0:(-1.0,1.0)
:Sending Trackball (ACTION_MOVE): 0:(2.0,4.0)
:Sending Trackball (ACTION_MOVE): 0:(-5.0,-4.0)
:Sending Trackball (ACTION_MOVE): 0:(3.0,2.0)
:Sending Key (ACTION_DOWN): 23    // KEYCODE_DPAD_CENTER
:Sending Key (ACTION_UP): 23    // KEYCODE_DPAD_CENTER
Sleeping for 500 milliseconds
:Sending Trackball (ACTION_MOVE): 0:(-3.0,0.0)
:Sending Trackball (ACTION_MOVE): 0:(-2.0,-3.0)
:Sending Trackball (ACTION_MOVE): 0:(4.0,1.0)
:Sending Trackball (ACTION_MOVE): 0:(2.0,-5.0)
:Sending Trackball (ACTION_MOVE): 0:(-5.0,-1.0)
:Sending Trackball (ACTION_MOVE): 0:(2.0,0.0)
:Sending Trackball (ACTION_MOVE): 0:(2.0,3.0)
:Sending Trackball (ACTION_MOVE): 0:(-3.0,0.0)
:Sending Trackball (ACTION_MOVE): 0:(3.0,4.0)
:Sending Trackball (ACTION_MOVE): 0:(-3.0,-5.0)
:Sending Key (ACTION_DOWN): 22    // KEYCODE_DPAD_RIGHT
:Sending Key (ACTION_UP): 22    // KEYCODE_DPAD_RIGHT
Sleeping for 500 milliseconds
:Sending Key (ACTION_DOWN): 19    // KEYCODE_DPAD_UP
:Sending Key (ACTION_UP): 19    // KEYCODE_DPAD_UP
Sleeping for 500 milliseconds
:Sending Key (ACTION_DOWN): 23    // KEYCODE_DPAD_CENTER
:Sending Key (ACTION_UP): 23    // KEYCODE_DPAD_CENTER
Sleeping for 500 milliseconds
    // Rejecting start of Intent { act=android.settings.SETTINGS cmp=com.android.settings/.MiuiSettings } in package com.android.settings
:Sending Touch (ACTION_DOWN): 0:(899.0,509.0)
:Sending Touch (ACTION_UP): 0:(888.4081,509.11234)
Sleeping for 500 milliseconds
:Sending Key (ACTION_DOWN): 23    // KEYCODE_DPAD_CENTER
:Sending Key (ACTION_UP): 23    // KEYCODE_DPAD_CENTER
Sleeping for 500 milliseconds
:Sending Key (ACTION_DOWN): 82    // KEYCODE_MENU
:Sending Key (ACTION_UP): 82    // KEYCODE_MENU
Sleeping for 500 milliseconds
:Sending Touch (ACTION_DOWN): 0:(296.0,138.0)
:Sending Touch (ACTION_UP): 0:(279.2567,116.21131)
Sleeping for 500 milliseconds
:Sending Key (ACTION_DOWN): 82    // KEYCODE_MENU
:Sending Key (ACTION_UP): 82    // KEYCODE_MENU
Sleeping for 500 milliseconds
:Sending Key (ACTION_DOWN): 23    // KEYCODE_DPAD_CENTER
:Sending Key (ACTION_UP): 23    // KEYCODE_DPAD_CENTER
Sleeping for 500 milliseconds
:Sending Touch (ACTION_DOWN): 0:(508.0,1963.0)
:Sending Touch (ACTION_UP): 0:(507.09598,1971.0758)
Sleeping for 500 milliseconds
:Sending Touch (ACTION_DOWN): 0:(232.0,1786.0)
:Sending Touch (ACTION_UP): 0:(229.26582,1785.0714)
Sleeping for 500 milliseconds
:Sending Trackball (ACTION_MOVE): 0:(1.0,0.0)
:Sending Trackball (ACTION_MOVE): 0:(-2.0,4.0)
:Sending Trackball (ACTION_MOVE): 0:(-2.0,2.0)
:Sending Trackball (ACTION_MOVE): 0:(-5.0,-1.0)
:Sending Trackball (ACTION_MOVE): 0:(1.0,1.0)
:Sending Trackball (ACTION_MOVE): 0:(4.0,4.0)
:Sending Trackball (ACTION_MOVE): 0:(-3.0,2.0)
:Sending Trackball (ACTION_MOVE): 0:(3.0,-1.0)
:Sending Trackball (ACTION_MOVE): 0:(-1.0,2.0)
:Sending Trackball (ACTION_MOVE): 0:(2.0,2.0)
:Sending Key (ACTION_DOWN): 82    // KEYCODE_MENU
:Sending Key (ACTION_UP): 82    // KEYCODE_MENU
Sleeping for 500 milliseconds
:Sending Touch (ACTION_DOWN): 0:(228.0,2018.0)
:Sending Touch (ACTION_MOVE): 0:(229.32582,2018.5797)
:Sending Touch (ACTION_MOVE): 0:(231.3236,2029.8489)
:Sending Touch (ACTION_MOVE): 0:(235.48262,2041.9423)
:Sending Touch (ACTION_MOVE): 0:(241.32619,2051.828)
:Sending Touch (ACTION_MOVE): 0:(247.62042,2070.1536)
:Sending Touch (ACTION_MOVE): 0:(249.25322,2070.983)
:Sending Touch (ACTION_MOVE): 0:(254.63608,2080.3064)
:Sending Touch (ACTION_UP): 0:(260.0772,2088.2935)
Sleeping for 500 milliseconds
:Sending Key (ACTION_DOWN): 52    // KEYCODE_X
:Sending Key (ACTION_UP): 52    // KEYCODE_X
Sleeping for 500 milliseconds
:Sending Key (ACTION_DOWN): 20    // KEYCODE_DPAD_DOWN
:Sending Key (ACTION_UP): 20    // KEYCODE_DPAD_DOWN
Sleeping for 500 milliseconds
:Sending Key (ACTION_DOWN): 21    // KEYCODE_DPAD_LEFT
:Sending Key (ACTION_UP): 21    // KEYCODE_DPAD_LEFT
Sleeping for 500 milliseconds
:Sending Trackball (ACTION_MOVE): 0:(3.0,2.0)
:Sending Trackball (ACTION_MOVE): 0:(-2.0,4.0)
:Sending Trackball (ACTION_MOVE): 0:(0.0,-4.0)
:Sending Trackball (ACTION_MOVE): 0:(0.0,-3.0)
:Sending Trackball (ACTION_MOVE): 0:(-4.0,-2.0)
:Sending Trackball (ACTION_MOVE): 0:(0.0,1.0)
:Sending Trackball (ACTION_MOVE): 0:(-5.0,2.0)
:Sending Trackball (ACTION_MOVE): 0:(1.0,4.0)
:Sending Trackball (ACTION_MOVE): 0:(-3.0,-4.0)
:Sending Trackball (ACTION_MOVE): 0:(3.0,-1.0)
:Sending Key (ACTION_DOWN): 21    // KEYCODE_DPAD_LEFT
:Sending Key (ACTION_UP): 21    // KEYCODE_DPAD_LEFT
Sleeping for 500 milliseconds
:Sending Key (ACTION_DOWN): 82    // KEYCODE_MENU
:Sending Key (ACTION_UP): 82    // KEYCODE_MENU
Sleeping for 500 milliseconds
:Sending Key (ACTION_DOWN): 18    // KEYCODE_POUND
:Sending Key (ACTION_UP): 18    // KEYCODE_POUND
Sleeping for 500 milliseconds
:Switch: #Intent;action=android.intent.action.MAIN;category=android.intent.category.LAUNCHER;launchFlags=0x10200000;component=com.yaya.mmbang/.activity.SplashActivity;end
    // Allowing start of Intent { act=android.intent.action.MAIN cat=[android.intent.category.LAUNCHER] cmp=com.yaya.mmbang/.activity.SplashActivity } in package com.yaya.mmbang
Sleeping for 500 milliseconds
:Sending Key (ACTION_DOWN): 117    // KEYCODE_META_LEFT
:Sending Key (ACTION_UP): 117    // KEYCODE_META_LEFT
    // Rejecting start of Intent { act=android.intent.action.ASSIST cmp=com.miui.voiceassist/.CTAAlertActivity } in package com.miui.voiceassist
Sleeping for 500 milliseconds
:Sending Trackball (ACTION_MOVE): 0:(-1.0,-5.0)
:Sending Trackball (ACTION_MOVE): 0:(2.0,2.0)
:Sending Trackball (ACTION_MOVE): 0:(-1.0,1.0)
:Sending Trackball (ACTION_MOVE): 0:(-4.0,-4.0)
:Sending Trackball (ACTION_MOVE): 0:(0.0,-4.0)
:Sending Trackball (ACTION_MOVE): 0:(1.0,-1.0)
:Sending Trackball (ACTION_MOVE): 0:(4.0,4.0)
:Sending Trackball (ACTION_MOVE): 0:(-5.0,-3.0)
:Sending Trackball (ACTION_MOVE): 0:(4.0,3.0)
    //[calendar_time:2016-05-24 10:34:51.548  system_uptime:86416261]
    // Sending event #100
:Sending Trackball (ACTION_MOVE): 0:(0.0,2.0)
:Sending Key (ACTION_DOWN): 20    // KEYCODE_DPAD_DOWN
:Sending Key (ACTION_UP): 20    // KEYCODE_DPAD_DOWN
Sleeping for 500 milliseconds
:Sending Key (ACTION_DOWN): 151    // KEYCODE_NUMPAD_7
:Sending Key (ACTION_UP): 151    // KEYCODE_NUMPAD_7
Sleeping for 500 milliseconds
:Sending Touch (ACTION_DOWN): 0:(1361.0,579.0)
:Sending Touch (ACTION_UP): 0:(1377.8544,586.61597)
Sleeping for 500 milliseconds
:Sending Touch (ACTION_DOWN): 0:(115.0,491.0)
:Sending Touch (ACTION_POINTER_DOWN 1): 0:(124.66083,495.39835) 1:(52.0,1626.0)
:Sending Touch (ACTION_MOVE): 0:(128.5661,495.43912) 1:(36.475716,1624.6115)
:Sending Touch (ACTION_MOVE): 0:(140.25253,495.76724) 1:(27.754772,1620.298)
:Sending Touch (ACTION_MOVE): 0:(140.51071,505.68375) 1:(18.418526,1611.8673)
:Sending Touch (ACTION_MOVE): 0:(152.413,525.6624) 1:(9.544024,1600.688)
:Sending Touch (ACTION_POINTER_UP 1): 0:(155.56493,545.3679) 1:(7.956316,1580.7146)
:Sending Touch (ACTION_UP): 0:(162.0381,565.40344)
Sleeping for 500 milliseconds
:Sending Touch (ACTION_DOWN): 0:(555.0,560.0)
:Sending Touch (ACTION_MOVE): 0:(558.0005,562.6887)
:Sending Touch (ACTION_MOVE): 0:(560.10406,562.79724)
:Sending Touch (ACTION_MOVE): 0:(563.3406,564.4056)
:Sending Touch (ACTION_MOVE): 0:(567.6047,566.9202)
:Sending Touch (ACTION_MOVE): 0:(569.8599,568.8306)
:Sending Touch (ACTION_UP): 0:(571.6792,570.2821)
Sleeping for 500 milliseconds
:Sending Key (ACTION_DOWN): 22    // KEYCODE_DPAD_RIGHT
:Sending Key (ACTION_UP): 22    // KEYCODE_DPAD_RIGHT
Sleeping for 500 milliseconds
:Sending Trackball (ACTION_MOVE): 0:(-1.0,-5.0)
:Sending Trackball (ACTION_MOVE): 0:(2.0,4.0)
:Sending Trackball (ACTION_MOVE): 0:(-4.0,2.0)
:Sending Trackball (ACTION_MOVE): 0:(-4.0,3.0)
:Sending Trackball (ACTION_MOVE): 0:(-1.0,4.0)
:Sending Trackball (ACTION_MOVE): 0:(-4.0,1.0)
:Sending Trackball (ACTION_MOVE): 0:(0.0,4.0)
:Sending Trackball (ACTION_MOVE): 0:(-3.0,4.0)
:Sending Trackball (ACTION_MOVE): 0:(1.0,3.0)
:Sending Trackball (ACTION_MOVE): 0:(-5.0,0.0)
:Sending Trackball (ACTION_DOWN): 0:(0.0,0.0)
:Sending Trackball (ACTION_UP): 0:(0.0,0.0)
Sleeping for 500 milliseconds
:Sending Touch (ACTION_DOWN): 0:(1110.0,2000.0)
:Sending Touch (ACTION_UP): 0:(1118.3168,1998.4851)
Sleeping for 500 milliseconds
:Sending Key (ACTION_DOWN): 23    // KEYCODE_DPAD_CENTER
:Sending Key (ACTION_UP): 23    // KEYCODE_DPAD_CENTER
Sleeping for 500 milliseconds
:Sending Key (ACTION_DOWN): 23    // KEYCODE_DPAD_CENTER
:Sending Key (ACTION_UP): 23    // KEYCODE_DPAD_CENTER
Sleeping for 500 milliseconds
:Sending Key (ACTION_DOWN): 191    // KEYCODE_BUTTON_4
:Sending Key (ACTION_UP): 191    // KEYCODE_BUTTON_4
Sleeping for 500 milliseconds
:Sending Trackball (ACTION_MOVE): 0:(-3.0,2.0)
:Sending Trackball (ACTION_MOVE): 0:(-5.0,-5.0)
:Sending Trackball (ACTION_MOVE): 0:(3.0,1.0)
:Sending Trackball (ACTION_MOVE): 0:(-2.0,2.0)
:Sending Trackball (ACTION_MOVE): 0:(3.0,1.0)
:Sending Trackball (ACTION_MOVE): 0:(3.0,1.0)
:Sending Trackball (ACTION_MOVE): 0:(-5.0,4.0)
:Sending Trackball (ACTION_MOVE): 0:(3.0,-1.0)
:Sending Trackball (ACTION_MOVE): 0:(2.0,4.0)
:Sending Trackball (ACTION_MOVE): 0:(0.0,4.0)
:Sending Trackball (ACTION_MOVE): 0:(-4.0,0.0)
:Sending Trackball (ACTION_MOVE): 0:(3.0,4.0)
:Sending Trackball (ACTION_MOVE): 0:(-4.0,1.0)
:Sending Trackball (ACTION_MOVE): 0:(-2.0,-5.0)
:Sending Trackball (ACTION_MOVE): 0:(-3.0,-4.0)
:Sending Trackball (ACTION_MOVE): 0:(-3.0,3.0)
:Sending Trackball (ACTION_MOVE): 0:(0.0,2.0)
:Sending Trackball (ACTION_MOVE): 0:(-2.0,-3.0)
:Sending Trackball (ACTION_MOVE): 0:(-1.0,-3.0)
:Sending Trackball (ACTION_MOVE): 0:(3.0,1.0)
:Sending Touch (ACTION_DOWN): 0:(398.0,2444.0)
:Sending Touch (ACTION_UP): 0:(409.59058,2447.3474)
Sleeping for 500 milliseconds
:Sending Touch (ACTION_DOWN): 0:(297.0,258.0)
:Sending Touch (ACTION_MOVE): 0:(294.0378,246.03534)
:Sending Touch (ACTION_MOVE): 0:(284.46338,243.20296)
:Sending Touch (ACTION_MOVE): 0:(267.25974,242.83884)
:Sending Touch (ACTION_MOVE): 0:(267.00204,237.22916)
:Sending Touch (ACTION_MOVE): 0:(259.55295,237.10373)
:Sending Touch (ACTION_MOVE): 0:(253.72354,225.5092)
:Sending Touch (ACTION_UP): 0:(245.63809,216.36765)
Sleeping for 500 milliseconds
:Sending Key (ACTION_DOWN): 253    // KEYCODE_TV_AUDIO_DESCRIPTION_MIX_UP
:Sending Key (ACTION_UP): 253    // KEYCODE_TV_AUDIO_DESCRIPTION_MIX_UP
Sleeping for 500 milliseconds
:Sending Key (ACTION_DOWN): 21    // KEYCODE_DPAD_LEFT
:Sending Key (ACTION_UP): 21    // KEYCODE_DPAD_LEFT
Sleeping for 500 milliseconds
:Sending Touch (ACTION_DOWN): 0:(1019.0,1111.0)
:Sending Touch (ACTION_UP): 0:(1014.1295,1109.339)
Sleeping for 500 milliseconds
:Sending Key (ACTION_DOWN): 59    // KEYCODE_SHIFT_LEFT
:Sending Key (ACTION_UP): 59    // KEYCODE_SHIFT_LEFT
Sleeping for 500 milliseconds
:Sending Key (ACTION_DOWN): 77    // KEYCODE_AT
:Sending Key (ACTION_UP): 77    // KEYCODE_AT
Sleeping for 500 milliseconds
:Sending Touch (ACTION_DOWN): 0:(172.0,550.0)
:Sending Touch (ACTION_UP): 0:(184.81927,537.029)
Sleeping for 500 milliseconds
:Sending Touch (ACTION_DOWN): 0:(269.0,1198.0)
:Sending Touch (ACTION_MOVE): 0:(261.77423,1192.196)
:Sending Touch (ACTION_UP): 0:(250.30994,1190.4452)
Sleeping for 500 milliseconds
:Sending Trackball (ACTION_MOVE): 0:(4.0,-4.0)
:Sending Trackball (ACTION_MOVE): 0:(3.0,0.0)
:Sending Trackball (ACTION_MOVE): 0:(-4.0,1.0)
:Sending Trackball (ACTION_MOVE): 0:(-1.0,-4.0)
:Sending Trackball (ACTION_MOVE): 0:(-1.0,-3.0)
:Sending Trackball (ACTION_MOVE): 0:(3.0,-3.0)
:Sending Trackball (ACTION_MOVE): 0:(4.0,-5.0)
:Sending Trackball (ACTION_MOVE): 0:(-4.0,3.0)
:Sending Trackball (ACTION_MOVE): 0:(0.0,4.0)
:Sending Trackball (ACTION_MOVE): 0:(-3.0,3.0)
:Sending Touch (ACTION_DOWN): 0:(770.0,1942.0)
    //[calendar_time:2016-05-24 10:35:01.969  system_uptime:86426652]
    // Sending event #200
:Sending Touch (ACTION_POINTER_DOWN 1): 0:(755.44586,1924.392) 1:(200.0,2182.0)
:Sending Touch (ACTION_MOVE): 0:(751.1605,1907.1655) 1:(200.87341,2193.311)
:Sending Touch (ACTION_POINTER_UP 1): 0:(750.24097,1902.9484) 1:(202.11568,2204.4507)
:Sending Touch (ACTION_UP): 0:(737.1126,1894.684)
Sleeping for 500 milliseconds
:Sending Key (ACTION_DOWN): 82    // KEYCODE_MENU
:Sending Key (ACTION_UP): 82    // KEYCODE_MENU
Sleeping for 500 milliseconds
:Sending Key (ACTION_DOWN): 19    // KEYCODE_DPAD_UP
:Sending Key (ACTION_UP): 19    // KEYCODE_DPAD_UP
Sleeping for 500 milliseconds
:Sending Touch (ACTION_DOWN): 0:(126.0,2066.0)
:Sending Touch (ACTION_UP): 0:(131.80164,2061.8594)
Sleeping for 500 milliseconds
:Sending Key (ACTION_DOWN): 19    // KEYCODE_DPAD_UP
:Sending Key (ACTION_UP): 19    // KEYCODE_DPAD_UP
Sleeping for 500 milliseconds
:Sending Key (ACTION_DOWN): 22    // KEYCODE_DPAD_RIGHT
:Sending Key (ACTION_UP): 22    // KEYCODE_DPAD_RIGHT
Sleeping for 500 milliseconds
:Sending Key (ACTION_DOWN): 105    // KEYCODE_BUTTON_R2
:Sending Key (ACTION_UP): 105    // KEYCODE_BUTTON_R2
Sleeping for 500 milliseconds
:Sending Key (ACTION_DOWN): 20    // KEYCODE_DPAD_DOWN
:Sending Key (ACTION_UP): 20    // KEYCODE_DPAD_DOWN
Sleeping for 500 milliseconds
:Sending Touch (ACTION_DOWN): 0:(979.0,352.0)
:Sending Touch (ACTION_POINTER_DOWN 1): 0:(973.10144,365.71732) 1:(959.0,2542.0)
:Sending Touch (ACTION_MOVE): 0:(957.5992,366.732) 1:(965.3322,2558.6816)
:Sending Touch (ACTION_POINTER_UP 1): 0:(952.85785,377.0952) 1:(972.30194,2560.0)
:Sending Touch (ACTION_UP): 0:(952.85046,383.53433)
Sleeping for 500 milliseconds
:Sending Key (ACTION_DOWN): 217    // KEYCODE_RO
:Sending Key (ACTION_UP): 217    // KEYCODE_RO
Sleeping for 500 milliseconds
:Sending Key (ACTION_DOWN): 24    // KEYCODE_VOLUME_UP
:Sending Key (ACTION_UP): 24    // KEYCODE_VOLUME_UP
Sleeping for 500 milliseconds
:Sending Touch (ACTION_DOWN): 0:(1259.0,673.0)
:Sending Touch (ACTION_UP): 0:(1247.4015,682.8034)
Sleeping for 500 milliseconds
:Sending Key (ACTION_DOWN): 82    // KEYCODE_MENU
:Sending Key (ACTION_UP): 82    // KEYCODE_MENU
Sleeping for 500 milliseconds
:Sending Touch (ACTION_DOWN): 0:(258.0,72.0)
:Sending Touch (ACTION_MOVE): 0:(265.65396,73.635994)
:Sending Touch (ACTION_MOVE): 0:(267.52646,74.10631)
:Sending Touch (ACTION_MOVE): 0:(271.88568,75.60543)
:Sending Touch (ACTION_MOVE): 0:(280.49188,77.123825)
:Sending Touch (ACTION_UP): 0:(285.174,78.18946)
Sleeping for 500 milliseconds
:Sending Key (ACTION_DOWN): 82    // KEYCODE_MENU
:Sending Key (ACTION_UP): 82    // KEYCODE_MENU
Sleeping for 500 milliseconds
:Sending Key (ACTION_DOWN): 23    // KEYCODE_DPAD_CENTER
:Sending Key (ACTION_UP): 23    // KEYCODE_DPAD_CENTER
Sleeping for 500 milliseconds
:Sending Touch (ACTION_DOWN): 0:(773.0,981.0)
:Sending Touch (ACTION_UP): 0:(764.60394,982.4475)
Sleeping for 500 milliseconds
:Sending Touch (ACTION_DOWN): 0:(400.0,1069.0)
:Sending Touch (ACTION_UP): 0:(408.48,1077.9974)
Sleeping for 500 milliseconds
:Sending Key (ACTION_DOWN): 110    // KEYCODE_BUTTON_MODE
:Sending Key (ACTION_UP): 110    // KEYCODE_BUTTON_MODE
Sleeping for 500 milliseconds
:Sending Key (ACTION_DOWN): 20    // KEYCODE_DPAD_DOWN
:Sending Key (ACTION_UP): 20    // KEYCODE_DPAD_DOWN
Sleeping for 500 milliseconds
:Sending Touch (ACTION_DOWN): 0:(676.0,832.0)
:Sending Touch (ACTION_UP): 0:(681.66174,836.2787)
Sleeping for 500 milliseconds
:Sending Key (ACTION_DOWN): 34    // KEYCODE_F
:Sending Key (ACTION_UP): 34    // KEYCODE_F
Sleeping for 500 milliseconds
:Sending Trackball (ACTION_MOVE): 0:(-3.0,-2.0)
:Sending Trackball (ACTION_MOVE): 0:(4.0,-1.0)
:Sending Trackball (ACTION_MOVE): 0:(-1.0,2.0)
:Sending Trackball (ACTION_MOVE): 0:(4.0,0.0)
:Sending Trackball (ACTION_MOVE): 0:(0.0,3.0)
:Sending Trackball (ACTION_MOVE): 0:(0.0,4.0)
:Sending Trackball (ACTION_MOVE): 0:(1.0,-3.0)
:Sending Trackball (ACTION_MOVE): 0:(0.0,0.0)
:Sending Trackball (ACTION_MOVE): 0:(2.0,1.0)
:Sending Trackball (ACTION_MOVE): 0:(-1.0,-1.0)
:Sending Trackball (ACTION_DOWN): 0:(0.0,0.0)
:Sending Trackball (ACTION_UP): 0:(0.0,0.0)
Sleeping for 500 milliseconds
:Sending Touch (ACTION_DOWN): 0:(719.0,2437.0)
:Sending Touch (ACTION_MOVE): 0:(716.33215,2432.1152)
:Sending Touch (ACTION_UP): 0:(714.08954,2423.4531)
Sleeping for 500 milliseconds
:Sending Flip keyboardOpen=false
Got IOException performing flipjava.io.IOException: write failed: EINVAL (Invalid argument)
    // Injection Failed
Sleeping for 500 milliseconds
:Sending Touch (ACTION_DOWN): 0:(307.0,1986.0)
:Sending Touch (ACTION_UP): 0:(315.71823,1979.3796)
Sleeping for 500 milliseconds
:Sending Key (ACTION_DOWN): 219    // KEYCODE_ASSIST
:Sending Key (ACTION_UP): 219    // KEYCODE_ASSIST
    // Rejecting start of Intent { act=android.intent.action.ASSIST cmp=com.miui.voiceassist/.CTAAlertActivity } in package com.miui.voiceassist
Sleeping for 500 milliseconds
:Sending Key (ACTION_DOWN): 20    // KEYCODE_DPAD_DOWN
:Sending Key (ACTION_UP): 20    // KEYCODE_DPAD_DOWN
Sleeping for 500 milliseconds
:Sending Trackball (ACTION_MOVE): 0:(-2.0,-2.0)
:Sending Trackball (ACTION_MOVE): 0:(-4.0,-3.0)
:Sending Trackball (ACTION_MOVE): 0:(-4.0,2.0)
:Sending Trackball (ACTION_MOVE): 0:(-2.0,-2.0)
:Sending Trackball (ACTION_MOVE): 0:(-5.0,-4.0)
:Sending Trackball (ACTION_MOVE): 0:(3.0,-5.0)
:Sending Trackball (ACTION_MOVE): 0:(1.0,3.0)
:Sending Trackball (ACTION_MOVE): 0:(-3.0,1.0)
:Sending Trackball (ACTION_MOVE): 0:(-3.0,0.0)
:Sending Trackball (ACTION_MOVE): 0:(-2.0,2.0)
:Sending Key (ACTION_DOWN): 20    // KEYCODE_DPAD_DOWN
:Sending Key (ACTION_UP): 20    // KEYCODE_DPAD_DOWN
Sleeping for 500 milliseconds
:Sending Trackball (ACTION_MOVE): 0:(1.0,3.0)
:Sending Trackball (ACTION_MOVE): 0:(1.0,-4.0)
:Sending Trackball (ACTION_MOVE): 0:(0.0,0.0)
:Sending Trackball (ACTION_MOVE): 0:(-3.0,-2.0)
:Sending Trackball (ACTION_MOVE): 0:(0.0,4.0)
:Sending Trackball (ACTION_MOVE): 0:(-1.0,4.0)
:Sending Trackball (ACTION_MOVE): 0:(0.0,-3.0)
:Sending Trackball (ACTION_MOVE): 0:(0.0,-1.0)
:Sending Trackball (ACTION_MOVE): 0:(4.0,0.0)
:Sending Trackball (ACTION_MOVE): 0:(-3.0,-5.0)
:Sending Key (ACTION_DOWN): 22    // KEYCODE_DPAD_RIGHT
:Sending Key (ACTION_UP): 22    // KEYCODE_DPAD_RIGHT
Sleeping for 500 milliseconds
:Sending Key (ACTION_DOWN): 20    // KEYCODE_DPAD_DOWN
    //[calendar_time:2016-05-24 10:35:17.794  system_uptime:86442478]
    // Sending event #300
:Sending Key (ACTION_UP): 20    // KEYCODE_DPAD_DOWN
Sleeping for 500 milliseconds
:Sending Key (ACTION_DOWN): 82    // KEYCODE_MENU
:Sending Key (ACTION_UP): 82    // KEYCODE_MENU
Sleeping for 500 milliseconds
:Sending Touch (ACTION_DOWN): 0:(1162.0,2489.0)
:Sending Touch (ACTION_MOVE): 0:(1160.3094,2490.1309)
:Sending Touch (ACTION_MOVE): 0:(1158.7626,2491.091)
:Sending Touch (ACTION_UP): 0:(1154.2789,2492.364)
Sleeping for 500 milliseconds
:Sending Trackball (ACTION_MOVE): 0:(-1.0,-1.0)
:Sending Trackball (ACTION_MOVE): 0:(-2.0,4.0)
:Sending Trackball (ACTION_MOVE): 0:(-1.0,2.0)
:Sending Trackball (ACTION_MOVE): 0:(-3.0,4.0)
:Sending Trackball (ACTION_MOVE): 0:(-5.0,1.0)
:Sending Trackball (ACTION_MOVE): 0:(-5.0,-4.0)
:Sending Trackball (ACTION_MOVE): 0:(3.0,2.0)
:Sending Trackball (ACTION_MOVE): 0:(2.0,-4.0)
:Sending Trackball (ACTION_MOVE): 0:(1.0,-4.0)
:Sending Trackball (ACTION_MOVE): 0:(-1.0,-3.0)
:Sending Touch (ACTION_DOWN): 0:(740.0,2043.0)
:Sending Touch (ACTION_MOVE): 0:(740.898,2027.8623)
:Sending Touch (ACTION_MOVE): 0:(754.152,2020.4608)
:Sending Touch (ACTION_MOVE): 0:(764.7246,2009.7643)
:Sending Touch (ACTION_MOVE): 0:(767.74457,1999.9093)
:Sending Touch (ACTION_MOVE): 0:(778.11957,1992.5126)
:Sending Touch (ACTION_MOVE): 0:(784.989,1990.467)
:Sending Touch (ACTION_MOVE): 0:(788.008,1983.9661)
:Sending Touch (ACTION_MOVE): 0:(798.3067,1978.3878)
:Sending Touch (ACTION_UP): 0:(806.12585,1971.2229)
Sleeping for 500 milliseconds
:Sending Touch (ACTION_DOWN): 0:(745.0,1381.0)
:Sending Touch (ACTION_MOVE): 0:(745.598,1386.4048)
:Sending Touch (ACTION_UP): 0:(747.5979,1391.2743)
Sleeping for 500 milliseconds
:Sending Key (ACTION_DOWN): 182    // KEYCODE_AVR_INPUT
:Sending Key (ACTION_UP): 182    // KEYCODE_AVR_INPUT
Sleeping for 500 milliseconds
:Sending Touch (ACTION_DOWN): 0:(443.0,268.0)
:Sending Touch (ACTION_MOVE): 0:(441.82477,269.95898)
:Sending Touch (ACTION_MOVE): 0:(440.1068,270.60913)
:Sending Touch (ACTION_MOVE): 0:(438.55786,271.97604)
:Sending Touch (ACTION_MOVE): 0:(438.3287,273.2475)
:Sending Touch (ACTION_MOVE): 0:(438.22733,274.58688)
:Sending Touch (ACTION_UP): 0:(434.69644,274.8836)
Sleeping for 500 milliseconds
:Sending Trackball (ACTION_MOVE): 0:(-3.0,4.0)
:Sending Trackball (ACTION_MOVE): 0:(-1.0,-3.0)
:Sending Trackball (ACTION_MOVE): 0:(-3.0,4.0)
:Sending Trackball (ACTION_MOVE): 0:(-2.0,2.0)
:Sending Trackball (ACTION_MOVE): 0:(3.0,-4.0)
:Sending Trackball (ACTION_MOVE): 0:(-1.0,0.0)
:Sending Trackball (ACTION_MOVE): 0:(-5.0,1.0)
:Sending Trackball (ACTION_MOVE): 0:(-5.0,2.0)
:Sending Trackball (ACTION_MOVE): 0:(4.0,-1.0)
:Sending Trackball (ACTION_MOVE): 0:(3.0,-1.0)
:Sending Key (ACTION_DOWN): 202    // KEYCODE_BUTTON_15
:Sending Key (ACTION_UP): 202    // KEYCODE_BUTTON_15
Sleeping for 500 milliseconds
:Sending Key (ACTION_DOWN): 23    // KEYCODE_DPAD_CENTER
:Sending Key (ACTION_UP): 23    // KEYCODE_DPAD_CENTER
Sleeping for 500 milliseconds
:Sending Trackball (ACTION_MOVE): 0:(-5.0,2.0)
:Sending Trackball (ACTION_MOVE): 0:(1.0,-1.0)
:Sending Trackball (ACTION_MOVE): 0:(0.0,-5.0)
:Sending Trackball (ACTION_MOVE): 0:(2.0,-1.0)
:Sending Trackball (ACTION_MOVE): 0:(1.0,2.0)
:Sending Trackball (ACTION_MOVE): 0:(0.0,-1.0)
:Sending Trackball (ACTION_MOVE): 0:(-2.0,-5.0)
:Sending Trackball (ACTION_MOVE): 0:(-3.0,0.0)
:Sending Trackball (ACTION_MOVE): 0:(2.0,3.0)
:Sending Trackball (ACTION_MOVE): 0:(-5.0,0.0)
:Sending Touch (ACTION_DOWN): 0:(1393.0,2025.0)
:Sending Touch (ACTION_UP): 0:(1386.6559,2013.4784)
Sleeping for 500 milliseconds
:Sending Trackball (ACTION_MOVE): 0:(-4.0,2.0)
:Sending Trackball (ACTION_MOVE): 0:(1.0,2.0)
:Sending Trackball (ACTION_MOVE): 0:(3.0,-5.0)
:Sending Trackball (ACTION_MOVE): 0:(-1.0,-4.0)
:Sending Trackball (ACTION_MOVE): 0:(3.0,-4.0)
:Sending Trackball (ACTION_MOVE): 0:(4.0,4.0)
:Sending Trackball (ACTION_MOVE): 0:(-1.0,1.0)
:Sending Trackball (ACTION_MOVE): 0:(-2.0,0.0)
:Sending Trackball (ACTION_MOVE): 0:(-1.0,-1.0)
:Sending Trackball (ACTION_MOVE): 0:(-5.0,4.0)
:Sending Trackball (ACTION_DOWN): 0:(0.0,0.0)
:Sending Trackball (ACTION_UP): 0:(0.0,0.0)
Sleeping for 500 milliseconds
:Sending Touch (ACTION_DOWN): 0:(75.0,186.0)
:Sending Touch (ACTION_UP): 0:(73.34398,195.37462)
Sleeping for 500 milliseconds
:Sending Trackball (ACTION_MOVE): 0:(-2.0,4.0)
:Sending Trackball (ACTION_MOVE): 0:(-3.0,3.0)
:Sending Trackball (ACTION_MOVE): 0:(-3.0,4.0)
:Sending Trackball (ACTION_MOVE): 0:(4.0,0.0)
:Sending Trackball (ACTION_MOVE): 0:(-4.0,-4.0)
:Sending Trackball (ACTION_MOVE): 0:(-3.0,-5.0)
:Sending Trackball (ACTION_MOVE): 0:(-1.0,3.0)
:Sending Trackball (ACTION_MOVE): 0:(-4.0,1.0)
:Sending Trackball (ACTION_MOVE): 0:(-3.0,2.0)
:Sending Trackball (ACTION_MOVE): 0:(-4.0,4.0)
:Sending Touch (ACTION_DOWN): 0:(288.0,2328.0)
:Sending Touch (ACTION_UP): 0:(291.32214,2331.066)
Sleeping for 500 milliseconds
:Sending Trackball (ACTION_MOVE): 0:(4.0,0.0)
:Sending Trackball (ACTION_MOVE): 0:(0.0,3.0)
:Sending Trackball (ACTION_MOVE): 0:(-3.0,1.0)
:Sending Trackball (ACTION_MOVE): 0:(0.0,3.0)
:Sending Trackball (ACTION_MOVE): 0:(3.0,3.0)
:Sending Trackball (ACTION_MOVE): 0:(4.0,-1.0)
:Sending Trackball (ACTION_MOVE): 0:(3.0,-2.0)
:Sending Trackball (ACTION_MOVE): 0:(-3.0,3.0)
:Sending Trackball (ACTION_MOVE): 0:(-1.0,-5.0)
    //[calendar_time:2016-05-24 10:35:24.623  system_uptime:86449306]
    // Sending event #400
:Sending Trackball (ACTION_MOVE): 0:(3.0,-5.0)
:Sending Key (ACTION_DOWN): 21    // KEYCODE_DPAD_LEFT
:Sending Key (ACTION_UP): 21    // KEYCODE_DPAD_LEFT
Sleeping for 500 milliseconds
:Sending Key (ACTION_DOWN): 19    // KEYCODE_DPAD_UP
:Sending Key (ACTION_UP): 19    // KEYCODE_DPAD_UP
Sleeping for 500 milliseconds
:Sending Key (ACTION_DOWN): 20    // KEYCODE_DPAD_DOWN
:Sending Key (ACTION_UP): 20    // KEYCODE_DPAD_DOWN
Sleeping for 500 milliseconds
:Sending Touch (ACTION_DOWN): 0:(1066.0,998.0)
:Sending Touch (ACTION_MOVE): 0:(1049.9117,1001.4293)
:Sending Touch (ACTION_MOVE): 0:(1035.2908,1014.49615)
:Sending Touch (ACTION_UP): 0:(1032.2928,1020.9437)
Sleeping for 500 milliseconds
:Sending Trackball (ACTION_MOVE): 0:(1.0,3.0)
:Sending Trackball (ACTION_MOVE): 0:(2.0,-5.0)
:Sending Trackball (ACTION_MOVE): 0:(-2.0,1.0)
:Sending Trackball (ACTION_MOVE): 0:(1.0,-5.0)
:Sending Trackball (ACTION_MOVE): 0:(-3.0,-1.0)
:Sending Trackball (ACTION_MOVE): 0:(-3.0,1.0)
:Sending Trackball (ACTION_MOVE): 0:(2.0,2.0)
:Sending Trackball (ACTION_MOVE): 0:(0.0,-3.0)
:Sending Trackball (ACTION_MOVE): 0:(-5.0,1.0)
:Sending Trackball (ACTION_MOVE): 0:(-5.0,-3.0)
:Sending Trackball (ACTION_MOVE): 0:(4.0,4.0)
:Sending Trackball (ACTION_MOVE): 0:(0.0,3.0)
:Sending Trackball (ACTION_MOVE): 0:(-2.0,0.0)
:Sending Trackball (ACTION_MOVE): 0:(-1.0,2.0)
:Sending Trackball (ACTION_MOVE): 0:(-4.0,-3.0)
:Sending Trackball (ACTION_MOVE): 0:(-4.0,-4.0)
:Sending Trackball (ACTION_MOVE): 0:(1.0,4.0)
:Sending Trackball (ACTION_MOVE): 0:(-3.0,-3.0)
:Sending Trackball (ACTION_MOVE): 0:(1.0,-3.0)
:Sending Trackball (ACTION_MOVE): 0:(-2.0,-2.0)
:Sending Touch (ACTION_DOWN): 0:(7.0,978.0)
:Sending Touch (ACTION_UP): 0:(0.0,989.25116)
Sleeping for 500 milliseconds
:Sending Key (ACTION_DOWN): 55    // KEYCODE_COMMA
:Sending Key (ACTION_UP): 55    // KEYCODE_COMMA
Sleeping for 500 milliseconds
:Sending Touch (ACTION_DOWN): 0:(268.0,150.0)
:Sending Touch (ACTION_UP): 0:(261.52496,152.07372)
Sleeping for 500 milliseconds
:Sending Touch (ACTION_DOWN): 0:(1144.0,1402.0)
:Sending Touch (ACTION_MOVE): 0:(1154.6725,1402.2682)
:Sending Touch (ACTION_MOVE): 0:(1166.4592,1402.8651)
:Sending Touch (ACTION_MOVE): 0:(1173.566,1409.1057)
:Sending Touch (ACTION_MOVE): 0:(1178.399,1411.4417)
:Sending Touch (ACTION_MOVE): 0:(1182.9794,1416.8942)
:Sending Touch (ACTION_UP): 0:(1194.735,1420.8069)
Sleeping for 500 milliseconds
:Sending Key (ACTION_DOWN): 20    // KEYCODE_DPAD_DOWN
:Sending Key (ACTION_UP): 20    // KEYCODE_DPAD_DOWN
Sleeping for 500 milliseconds
:Sending Key (ACTION_DOWN): 238    // KEYCODE_TV_SATELLITE_BS
:Sending Key (ACTION_UP): 238    // KEYCODE_TV_SATELLITE_BS
Sleeping for 500 milliseconds
:Sending Key (ACTION_DOWN): 82    // KEYCODE_MENU
:Sending Key (ACTION_UP): 82    // KEYCODE_MENU
Sleeping for 500 milliseconds
:Sending Trackball (ACTION_MOVE): 0:(-2.0,-1.0)
:Sending Trackball (ACTION_MOVE): 0:(3.0,1.0)
:Sending Trackball (ACTION_MOVE): 0:(1.0,1.0)
:Sending Trackball (ACTION_MOVE): 0:(1.0,-1.0)
:Sending Trackball (ACTION_MOVE): 0:(3.0,-4.0)
:Sending Trackball (ACTION_MOVE): 0:(-4.0,-5.0)
:Sending Trackball (ACTION_MOVE): 0:(2.0,-3.0)
:Sending Trackball (ACTION_MOVE): 0:(0.0,-5.0)
:Sending Trackball (ACTION_MOVE): 0:(2.0,2.0)
:Sending Trackball (ACTION_MOVE): 0:(-1.0,1.0)
:Sending Touch (ACTION_DOWN): 0:(1146.0,1648.0)
:Sending Touch (ACTION_UP): 0:(1143.0945,1661.9977)
Sleeping for 500 milliseconds
:Sending Key (ACTION_DOWN): 18    // KEYCODE_POUND
:Sending Key (ACTION_UP): 18    // KEYCODE_POUND
Sleeping for 500 milliseconds
:Sending Trackball (ACTION_MOVE): 0:(2.0,-5.0)
:Sending Trackball (ACTION_MOVE): 0:(3.0,-5.0)
:Sending Trackball (ACTION_MOVE): 0:(-3.0,0.0)
:Sending Trackball (ACTION_MOVE): 0:(-1.0,3.0)
:Sending Trackball (ACTION_MOVE): 0:(-5.0,4.0)
:Sending Trackball (ACTION_MOVE): 0:(0.0,4.0)
:Sending Trackball (ACTION_MOVE): 0:(-5.0,-5.0)
:Sending Trackball (ACTION_MOVE): 0:(-2.0,1.0)
:Sending Trackball (ACTION_MOVE): 0:(4.0,-4.0)
:Sending Trackball (ACTION_MOVE): 0:(1.0,0.0)
:Sending Trackball (ACTION_MOVE): 0:(4.0,0.0)
:Sending Trackball (ACTION_MOVE): 0:(-3.0,-3.0)
:Sending Trackball (ACTION_MOVE): 0:(1.0,-1.0)
:Sending Trackball (ACTION_MOVE): 0:(-4.0,4.0)
:Sending Trackball (ACTION_MOVE): 0:(2.0,-3.0)
:Sending Trackball (ACTION_MOVE): 0:(-4.0,-5.0)
:Sending Trackball (ACTION_MOVE): 0:(-1.0,2.0)
:Sending Trackball (ACTION_MOVE): 0:(1.0,-2.0)
:Sending Trackball (ACTION_MOVE): 0:(3.0,2.0)
:Sending Trackball (ACTION_MOVE): 0:(-4.0,4.0)
:Sending Trackball (ACTION_MOVE): 0:(3.0,-1.0)
:Sending Trackball (ACTION_MOVE): 0:(0.0,-1.0)
:Sending Trackball (ACTION_MOVE): 0:(-1.0,-1.0)
:Sending Trackball (ACTION_MOVE): 0:(-5.0,1.0)
:Sending Trackball (ACTION_MOVE): 0:(2.0,1.0)
:Sending Trackball (ACTION_MOVE): 0:(4.0,0.0)
:Sending Trackball (ACTION_MOVE): 0:(-1.0,3.0)
:Sending Trackball (ACTION_MOVE): 0:(2.0,-2.0)
:Sending Trackball (ACTION_MOVE): 0:(-2.0,-3.0)
:Sending Trackball (ACTION_MOVE): 0:(-2.0,-2.0)
:Sending Key (ACTION_DOWN): 75    // KEYCODE_APOSTROPHE
:Sending Key (ACTION_UP): 75    // KEYCODE_APOSTROPHE
Sleeping for 500 milliseconds
:Switch: #Intent;action=android.intent.action.MAIN;category=android.intent.category.LAUNCHER;launchFlags=0x10200000;component=com.yaya.mmbang/.activity.SplashActivity;end
    // Allowing start of Intent { act=android.intent.action.MAIN cat=[android.intent.category.LAUNCHER] cmp=com.yaya.mmbang/.activity.SplashActivity } in package com.yaya.mmbang
Sleeping for 500 milliseconds
:Sending Key (ACTION_DOWN): 22    // KEYCODE_DPAD_RIGHT
:Sending Key (ACTION_UP): 22    // KEYCODE_DPAD_RIGHT
Sleeping for 500 milliseconds
:Sending Touch (ACTION_DOWN): 0:(299.0,1637.0)
    //[calendar_time:2016-05-24 10:35:33.020  system_uptime:86457704]
    // Sending event #500
:Sending Touch (ACTION_MOVE): 0:(285.68167,1629.6017)
:Sending Touch (ACTION_UP): 0:(284.16318,1622.765)
Sleeping for 500 milliseconds
:Sending Key (ACTION_DOWN): 246    // KEYCODE_TV_INPUT_HDMI_4
:Sending Key (ACTION_UP): 246    // KEYCODE_TV_INPUT_HDMI_4
Sleeping for 500 milliseconds
:Sending Key (ACTION_DOWN): 22    // KEYCODE_DPAD_RIGHT
:Sending Key (ACTION_UP): 22    // KEYCODE_DPAD_RIGHT
Sleeping for 500 milliseconds
:Sending Flip keyboardOpen=true
Got IOException performing flipjava.io.IOException: write failed: EINVAL (Invalid argument)
    // Injection Failed
Sleeping for 500 milliseconds
:Sending Key (ACTION_DOWN): 23    // KEYCODE_DPAD_CENTER
:Sending Key (ACTION_UP): 23    // KEYCODE_DPAD_CENTER
Sleeping for 500 milliseconds
:Sending Key (ACTION_DOWN): 13    // KEYCODE_6
:Sending Key (ACTION_UP): 13    // KEYCODE_6
Sleeping for 500 milliseconds
:Sending Trackball (ACTION_MOVE): 0:(-4.0,-2.0)
:Sending Trackball (ACTION_MOVE): 0:(0.0,-5.0)
:Sending Trackball (ACTION_MOVE): 0:(-1.0,2.0)
:Sending Trackball (ACTION_MOVE): 0:(-1.0,0.0)
:Sending Trackball (ACTION_MOVE): 0:(-2.0,-3.0)
:Sending Trackball (ACTION_MOVE): 0:(-4.0,-4.0)
:Sending Trackball (ACTION_MOVE): 0:(-1.0,-2.0)
:Sending Trackball (ACTION_MOVE): 0:(-4.0,-2.0)
:Sending Trackball (ACTION_MOVE): 0:(0.0,2.0)
:Sending Trackball (ACTION_MOVE): 0:(-4.0,0.0)
:Sending Key (ACTION_DOWN): 20    // KEYCODE_DPAD_DOWN
:Sending Key (ACTION_UP): 20    // KEYCODE_DPAD_DOWN
Sleeping for 500 milliseconds
:Sending Touch (ACTION_DOWN): 0:(893.0,922.0)
:Sending Touch (ACTION_UP): 0:(884.7981,927.60864)
Sleeping for 500 milliseconds
:Sending Key (ACTION_DOWN): 23    // KEYCODE_DPAD_CENTER
:Sending Key (ACTION_UP): 23    // KEYCODE_DPAD_CENTER
Sleeping for 500 milliseconds
:Sending Key (ACTION_DOWN): 19    // KEYCODE_DPAD_UP
:Sending Key (ACTION_UP): 19    // KEYCODE_DPAD_UP
Sleeping for 500 milliseconds
:Sending Key (ACTION_DOWN): 22    // KEYCODE_DPAD_RIGHT
:Sending Key (ACTION_UP): 22    // KEYCODE_DPAD_RIGHT
Sleeping for 500 milliseconds
:Sending Touch (ACTION_DOWN): 0:(666.0,1627.0)
:Sending Touch (ACTION_UP): 0:(677.53986,1626.4192)
Sleeping for 500 milliseconds
:Sending Key (ACTION_DOWN): 23    // KEYCODE_DPAD_CENTER
:Sending Key (ACTION_UP): 23    // KEYCODE_DPAD_CENTER
Sleeping for 500 milliseconds
:Sending Key (ACTION_DOWN): 82    // KEYCODE_MENU
:Sending Key (ACTION_UP): 82    // KEYCODE_MENU
Sleeping for 500 milliseconds
:Sending Key (ACTION_DOWN): 23    // KEYCODE_DPAD_CENTER
:Sending Key (ACTION_UP): 23    // KEYCODE_DPAD_CENTER
Sleeping for 500 milliseconds
:Sending Key (ACTION_DOWN): 58    // KEYCODE_ALT_RIGHT
:Sending Key (ACTION_UP): 58    // KEYCODE_ALT_RIGHT
Sleeping for 500 milliseconds
:Sending Trackball (ACTION_MOVE): 0:(1.0,-1.0)
:Sending Trackball (ACTION_MOVE): 0:(-4.0,1.0)
:Sending Trackball (ACTION_MOVE): 0:(-1.0,-4.0)
:Sending Trackball (ACTION_MOVE): 0:(-1.0,-4.0)
:Sending Trackball (ACTION_MOVE): 0:(1.0,3.0)
:Sending Trackball (ACTION_MOVE): 0:(2.0,-4.0)
:Sending Trackball (ACTION_MOVE): 0:(-5.0,-3.0)
:Sending Trackball (ACTION_MOVE): 0:(1.0,0.0)
:Sending Trackball (ACTION_MOVE): 0:(0.0,-5.0)
:Sending Trackball (ACTION_MOVE): 0:(-2.0,-2.0)
:Sending Key (ACTION_DOWN): 258    // KEYCODE_TV_TIMER_PROGRAMMING
:Sending Key (ACTION_UP): 258    // KEYCODE_TV_TIMER_PROGRAMMING
Sleeping for 500 milliseconds
:Sending Key (ACTION_DOWN): 33    // KEYCODE_E
:Sending Key (ACTION_UP): 33    // KEYCODE_E
Sleeping for 500 milliseconds
:Sending Key (ACTION_DOWN): 22    // KEYCODE_DPAD_RIGHT
:Sending Key (ACTION_UP): 22    // KEYCODE_DPAD_RIGHT
Sleeping for 500 milliseconds
:Sending Key (ACTION_DOWN): 21    // KEYCODE_DPAD_LEFT
:Sending Key (ACTION_UP): 21    // KEYCODE_DPAD_LEFT
Sleeping for 500 milliseconds
:Sending Touch (ACTION_DOWN): 0:(479.0,524.0)
:Sending Touch (ACTION_UP): 0:(474.31467,515.55414)
Sleeping for 500 milliseconds
:Sending Touch (ACTION_DOWN): 0:(908.0,892.0)
:Sending Touch (ACTION_UP): 0:(899.9231,900.4207)
Sleeping for 500 milliseconds
:Sending Key (ACTION_DOWN): 23    // KEYCODE_DPAD_CENTER
:Sending Key (ACTION_UP): 23    // KEYCODE_DPAD_CENTER
Sleeping for 500 milliseconds
:Sending Key (ACTION_DOWN): 232    // KEYCODE_TV_RADIO_SERVICE
:Sending Key (ACTION_UP): 232    // KEYCODE_TV_RADIO_SERVICE
Sleeping for 500 milliseconds
:Sending Touch (ACTION_DOWN): 0:(925.0,1059.0)
:Sending Touch (ACTION_UP): 0:(928.4025,1056.4772)
Sleeping for 500 milliseconds
:Sending Key (ACTION_DOWN): 82    // KEYCODE_MENU
:Sending Key (ACTION_UP): 82    // KEYCODE_MENU
Sleeping for 500 milliseconds
:Sending Trackball (ACTION_MOVE): 0:(4.0,0.0)
:Sending Trackball (ACTION_MOVE): 0:(0.0,-3.0)
:Sending Trackball (ACTION_MOVE): 0:(0.0,-2.0)
:Sending Trackball (ACTION_MOVE): 0:(-4.0,-5.0)
:Sending Trackball (ACTION_MOVE): 0:(2.0,4.0)
:Sending Trackball (ACTION_MOVE): 0:(-4.0,4.0)
:Sending Trackball (ACTION_MOVE): 0:(-2.0,1.0)
:Sending Trackball (ACTION_MOVE): 0:(-1.0,0.0)
:Sending Trackball (ACTION_MOVE): 0:(0.0,-2.0)
:Sending Trackball (ACTION_MOVE): 0:(-2.0,-5.0)
:Sending Key (ACTION_DOWN): 25    // KEYCODE_VOLUME_DOWN
:Sending Key (ACTION_UP): 25    // KEYCODE_VOLUME_DOWN
Sleeping for 500 milliseconds
:Sending Key (ACTION_DOWN): 21    // KEYCODE_DPAD_LEFT
:Sending Key (ACTION_UP): 21    // KEYCODE_DPAD_LEFT
Sleeping for 500 milliseconds
:Sending Key (ACTION_DOWN): 19    // KEYCODE_DPAD_UP
:Sending Key (ACTION_UP): 19    // KEYCODE_DPAD_UP
Sleeping for 500 milliseconds
:Sending Key (ACTION_DOWN): 25    // KEYCODE_VOLUME_DOWN
:Sending Key (ACTION_UP): 25    // KEYCODE_VOLUME_DOWN
Sleeping for 500 milliseconds
:Sending Touch (ACTION_DOWN): 0:(769.0,1583.0)
:Sending Touch (ACTION_UP): 0:(750.3117,1584.771)
Sleeping for 500 milliseconds
:Sending Key (ACTION_DOWN): 23    // KEYCODE_DPAD_CENTER
:Sending Key (ACTION_UP): 23    // KEYCODE_DPAD_CENTER
Sleeping for 500 milliseconds
:Sending Key (ACTION_DOWN): 19    // KEYCODE_DPAD_UP
:Sending Key (ACTION_UP): 19    // KEYCODE_DPAD_UP
Sleeping for 500 milliseconds
:Sending Key (ACTION_DOWN): 20    // KEYCODE_DPAD_DOWN
:Sending Key (ACTION_UP): 20    // KEYCODE_DPAD_DOWN
Sleeping for 500 milliseconds
:Sending Key (ACTION_DOWN): 21    // KEYCODE_DPAD_LEFT
:Sending Key (ACTION_UP): 21    // KEYCODE_DPAD_LEFT
Sleeping for 500 milliseconds
:Sending Touch (ACTION_DOWN): 0:(969.0,1936.0)
    //[calendar_time:2016-05-24 10:35:51.434  system_uptime:86476118]
    // Sending event #600
:Sending Touch (ACTION_UP): 0:(952.2926,1938.4138)
Sleeping for 500 milliseconds
:Sending Touch (ACTION_DOWN): 0:(1306.0,306.0)
:Sending Touch (ACTION_UP): 0:(1301.1636,304.48862)
Sleeping for 500 milliseconds
:Sending Touch (ACTION_DOWN): 0:(638.0,2002.0)
:Sending Touch (ACTION_MOVE): 0:(637.2714,2000.4552)
:Sending Touch (ACTION_MOVE): 0:(636.4592,1989.4192)
:Sending Touch (ACTION_MOVE): 0:(636.37115,1980.2197)
:Sending Touch (ACTION_MOVE): 0:(635.90717,1976.3005)
:Sending Touch (ACTION_MOVE): 0:(635.77655,1968.4717)
:Sending Touch (ACTION_UP): 0:(635.04175,1965.0253)
Sleeping for 500 milliseconds
:Sending Key (ACTION_DOWN): 19    // KEYCODE_DPAD_UP
:Sending Key (ACTION_UP): 19    // KEYCODE_DPAD_UP
Sleeping for 500 milliseconds
:Sending Key (ACTION_DOWN): 20    // KEYCODE_DPAD_DOWN
:Sending Key (ACTION_UP): 20    // KEYCODE_DPAD_DOWN
Sleeping for 500 milliseconds
:Sending Key (ACTION_DOWN): 19    // KEYCODE_DPAD_UP
:Sending Key (ACTION_UP): 19    // KEYCODE_DPAD_UP
Sleeping for 500 milliseconds
:Sending Touch (ACTION_DOWN): 0:(456.0,573.0)
:Sending Touch (ACTION_UP): 0:(455.5691,564.006)
Sleeping for 500 milliseconds
:Sending Key (ACTION_DOWN): 19    // KEYCODE_DPAD_UP
:Sending Key (ACTION_UP): 19    // KEYCODE_DPAD_UP
Sleeping for 500 milliseconds
:Sending Touch (ACTION_DOWN): 0:(1146.0,2105.0)
:Sending Touch (ACTION_POINTER_DOWN 1): 0:(1159.1467,2107.0059) 1:(1378.0,918.0)
:Sending Touch (ACTION_MOVE): 0:(1165.8385,2114.6802) 1:(1377.5184,915.84766)
:Sending Touch (ACTION_MOVE): 0:(1170.5049,2115.1128) 1:(1372.5635,914.9059)
:Sending Touch (ACTION_POINTER_UP 1): 0:(1175.8796,2116.6763) 1:(1370.735,907.9427)
:Sending Touch (ACTION_UP): 0:(1179.0898,2124.7634)
Sleeping for 500 milliseconds
:Sending Touch (ACTION_DOWN): 0:(1089.0,2185.0)
:Sending Touch (ACTION_MOVE): 0:(1099.1116,2191.01)
:Sending Touch (ACTION_MOVE): 0:(1106.3722,2191.8853)
:Sending Touch (ACTION_UP): 0:(1111.2228,2195.356)
Sleeping for 500 milliseconds
:Switch: #Intent;action=android.intent.action.MAIN;category=android.intent.category.LAUNCHER;launchFlags=0x10200000;component=com.yaya.mmbang/.activity.SplashActivity;end
    // Allowing start of Intent { act=android.intent.action.MAIN cat=[android.intent.category.LAUNCHER] cmp=com.yaya.mmbang/.activity.SplashActivity } in package com.yaya.mmbang
Sleeping for 500 milliseconds
:Sending Key (ACTION_DOWN): 23    // KEYCODE_DPAD_CENTER
:Sending Key (ACTION_UP): 23    // KEYCODE_DPAD_CENTER
Sleeping for 500 milliseconds
:Sending Key (ACTION_DOWN): 19    // KEYCODE_DPAD_UP
:Sending Key (ACTION_UP): 19    // KEYCODE_DPAD_UP
Sleeping for 500 milliseconds
:Sending Touch (ACTION_DOWN): 0:(1380.0,1640.0)
:Sending Touch (ACTION_UP): 0:(1362.9617,1629.2244)
Sleeping for 500 milliseconds
:Sending Touch (ACTION_DOWN): 0:(423.0,461.0)
:Sending Touch (ACTION_MOVE): 0:(411.4576,465.95203)
:Sending Touch (ACTION_MOVE): 0:(391.2091,474.38153)
:Sending Touch (ACTION_MOVE): 0:(372.83997,481.74036)
:Sending Touch (ACTION_MOVE): 0:(358.67422,490.62357)
:Sending Touch (ACTION_MOVE): 0:(346.5552,500.7646)
:Sending Touch (ACTION_UP): 0:(334.877,510.1525)
Sleeping for 500 milliseconds
:Sending Key (ACTION_DOWN): 165    // KEYCODE_INFO
:Sending Key (ACTION_UP): 165    // KEYCODE_INFO
Sleeping for 500 milliseconds
:Sending Touch (ACTION_DOWN): 0:(1298.0,1549.0)
:Sending Touch (ACTION_MOVE): 0:(1286.6338,1549.3898)
:Sending Touch (ACTION_MOVE): 0:(1274.5048,1556.2773)
:Sending Touch (ACTION_MOVE): 0:(1259.9022,1560.7501)
:Sending Touch (ACTION_UP): 0:(1247.6884,1577.1641)
Sleeping for 500 milliseconds
:Sending Trackball (ACTION_MOVE): 0:(-5.0,1.0)
:Sending Trackball (ACTION_MOVE): 0:(2.0,1.0)
:Sending Trackball (ACTION_MOVE): 0:(-5.0,-4.0)
:Sending Trackball (ACTION_MOVE): 0:(-2.0,-4.0)
:Sending Trackball (ACTION_MOVE): 0:(-3.0,4.0)
:Sending Trackball (ACTION_MOVE): 0:(0.0,-3.0)
:Sending Trackball (ACTION_MOVE): 0:(4.0,2.0)
:Sending Trackball (ACTION_MOVE): 0:(2.0,-5.0)
:Sending Trackball (ACTION_MOVE): 0:(-5.0,-5.0)
:Sending Trackball (ACTION_MOVE): 0:(3.0,-3.0)
:Sending Key (ACTION_DOWN): 20    // KEYCODE_DPAD_DOWN
:Sending Key (ACTION_UP): 20    // KEYCODE_DPAD_DOWN
Sleeping for 500 milliseconds
:Sending Touch (ACTION_DOWN): 0:(1433.0,1022.0)
:Sending Touch (ACTION_POINTER_DOWN 1): 0:(1434.7134,1020.78937) 1:(382.0,1955.0)
:Sending Touch (ACTION_MOVE): 0:(1440.0,1019.9583) 1:(382.90024,1956.472)
:Sending Touch (ACTION_MOVE): 0:(1440.0,1016.1055) 1:(387.30713,1962.1909)
:Sending Touch (ACTION_POINTER_UP 1): 0:(1440.0,1009.92694) 1:(388.64047,1976.8981)
:Sending Touch (ACTION_UP): 0:(1440.0,1002.0457)
Sleeping for 500 milliseconds
:Sending Key (ACTION_DOWN): 69    // KEYCODE_MINUS
:Sending Key (ACTION_UP): 69    // KEYCODE_MINUS
Sleeping for 500 milliseconds
:Sending Touch (ACTION_DOWN): 0:(904.0,1707.0)
:Sending Touch (ACTION_MOVE): 0:(905.8433,1704.2861)
:Sending Touch (ACTION_MOVE): 0:(907.4915,1681.0115)
:Sending Touch (ACTION_MOVE): 0:(908.8828,1679.3567)
:Sending Touch (ACTION_MOVE): 0:(909.4831,1667.3575)
:Sending Touch (ACTION_UP): 0:(911.78735,1645.3099)
Sleeping for 500 milliseconds
:Sending Key (ACTION_DOWN): 23    // KEYCODE_DPAD_CENTER
:Sending Key (ACTION_UP): 23    // KEYCODE_DPAD_CENTER
Sleeping for 500 milliseconds
:Sending Touch (ACTION_DOWN): 0:(1045.0,2457.0)
:Sending Touch (ACTION_UP): 0:(1033.0902,2462.1794)
Sleeping for 500 milliseconds
:Sending Trackball (ACTION_MOVE): 0:(2.0,-5.0)
:Sending Trackball (ACTION_MOVE): 0:(1.0,-4.0)
:Sending Trackball (ACTION_MOVE): 0:(2.0,1.0)
:Sending Trackball (ACTION_MOVE): 0:(-4.0,1.0)
:Sending Trackball (ACTION_MOVE): 0:(-5.0,0.0)
:Sending Trackball (ACTION_MOVE): 0:(-2.0,4.0)
:Sending Trackball (ACTION_MOVE): 0:(-1.0,-2.0)
:Sending Trackball (ACTION_MOVE): 0:(-4.0,1.0)
:Sending Trackball (ACTION_MOVE): 0:(4.0,4.0)
:Sending Trackball (ACTION_MOVE): 0:(-3.0,-3.0)
:Sending Trackball (ACTION_MOVE): 0:(-4.0,0.0)
:Sending Trackball (ACTION_MOVE): 0:(-5.0,4.0)
:Sending Trackball (ACTION_MOVE): 0:(-2.0,-3.0)
:Sending Trackball (ACTION_MOVE): 0:(2.0,3.0)
:Sending Trackball (ACTION_MOVE): 0:(1.0,3.0)
:Sending Trackball (ACTION_MOVE): 0:(0.0,-1.0)
:Sending Trackball (ACTION_MOVE): 0:(-5.0,0.0)
:Sending Trackball (ACTION_MOVE): 0:(-2.0,3.0)
:Sending Trackball (ACTION_MOVE): 0:(4.0,1.0)
    //[calendar_time:2016-05-24 10:36:03.397  system_uptime:86488081]
    // Sending event #700
:Sending Trackball (ACTION_MOVE): 0:(2.0,-3.0)
:Sending Key (ACTION_DOWN): 82    // KEYCODE_MENU
:Sending Key (ACTION_UP): 82    // KEYCODE_MENU
Sleeping for 500 milliseconds
:Sending Trackball (ACTION_MOVE): 0:(-4.0,3.0)
:Sending Trackball (ACTION_MOVE): 0:(-4.0,-1.0)
:Sending Trackball (ACTION_MOVE): 0:(1.0,-5.0)
:Sending Trackball (ACTION_MOVE): 0:(-5.0,4.0)
:Sending Trackball (ACTION_MOVE): 0:(-4.0,3.0)
:Sending Trackball (ACTION_MOVE): 0:(-5.0,3.0)
:Sending Trackball (ACTION_MOVE): 0:(-4.0,-5.0)
:Sending Trackball (ACTION_MOVE): 0:(1.0,2.0)
:Sending Trackball (ACTION_MOVE): 0:(-3.0,2.0)
:Sending Trackball (ACTION_MOVE): 0:(0.0,-2.0)
:Sending Touch (ACTION_DOWN): 0:(406.0,1296.0)
:Sending Touch (ACTION_MOVE): 0:(411.01013,1294.9478)
:Sending Touch (ACTION_MOVE): 0:(411.9266,1291.9623)
:Sending Touch (ACTION_MOVE): 0:(421.27634,1289.3207)
:Sending Touch (ACTION_MOVE): 0:(424.37372,1286.3274)
:Sending Touch (ACTION_MOVE): 0:(433.8661,1282.796)
:Sending Touch (ACTION_MOVE): 0:(443.2151,1281.1443)
:Sending Touch (ACTION_MOVE): 0:(445.04465,1277.7587)
:Sending Touch (ACTION_MOVE): 0:(447.54697,1277.2231)
:Sending Touch (ACTION_MOVE): 0:(451.2873,1274.4431)
:Sending Touch (ACTION_UP): 0:(453.02332,1271.4011)
Sleeping for 500 milliseconds
:Sending Touch (ACTION_DOWN): 0:(1332.0,204.0)
:Sending Touch (ACTION_MOVE): 0:(1331.2267,197.46417)
:Sending Touch (ACTION_MOVE): 0:(1325.983,196.11201)
:Sending Touch (ACTION_MOVE): 0:(1319.6427,179.91351)
:Sending Touch (ACTION_MOVE): 0:(1311.6647,179.10347)
:Sending Touch (ACTION_MOVE): 0:(1311.5559,178.52954)
:Sending Touch (ACTION_MOVE): 0:(1307.6746,160.44011)
:Sending Touch (ACTION_MOVE): 0:(1306.7391,149.45831)
:Sending Touch (ACTION_MOVE): 0:(1302.4287,142.39268)
:Sending Touch (ACTION_MOVE): 0:(1301.9246,125.62981)
:Sending Touch (ACTION_UP): 0:(1299.3337,123.637566)
Sleeping for 500 milliseconds
:Sending Trackball (ACTION_MOVE): 0:(0.0,2.0)
:Sending Trackball (ACTION_MOVE): 0:(-5.0,-4.0)
:Sending Trackball (ACTION_MOVE): 0:(-2.0,1.0)
:Sending Trackball (ACTION_MOVE): 0:(4.0,4.0)
:Sending Trackball (ACTION_MOVE): 0:(-5.0,-1.0)
:Sending Trackball (ACTION_MOVE): 0:(4.0,-3.0)
:Sending Trackball (ACTION_MOVE): 0:(0.0,4.0)
:Sending Trackball (ACTION_MOVE): 0:(4.0,-2.0)
:Sending Trackball (ACTION_MOVE): 0:(-5.0,-4.0)
:Sending Trackball (ACTION_MOVE): 0:(-5.0,0.0)
:Sending Trackball (ACTION_DOWN): 0:(0.0,0.0)
:Sending Trackball (ACTION_UP): 0:(0.0,0.0)
Sleeping for 500 milliseconds
:Sending Key (ACTION_DOWN): 20    // KEYCODE_DPAD_DOWN
:Sending Key (ACTION_UP): 20    // KEYCODE_DPAD_DOWN
Sleeping for 500 milliseconds
:Sending Trackball (ACTION_MOVE): 0:(-4.0,0.0)
:Sending Trackball (ACTION_MOVE): 0:(-2.0,0.0)
:Sending Trackball (ACTION_MOVE): 0:(1.0,-1.0)
:Sending Trackball (ACTION_MOVE): 0:(-3.0,-4.0)
:Sending Trackball (ACTION_MOVE): 0:(-1.0,2.0)
:Sending Trackball (ACTION_MOVE): 0:(-2.0,3.0)
:Sending Trackball (ACTION_MOVE): 0:(2.0,4.0)
:Sending Trackball (ACTION_MOVE): 0:(-5.0,-1.0)
:Sending Trackball (ACTION_MOVE): 0:(4.0,3.0)
:Sending Trackball (ACTION_MOVE): 0:(4.0,-1.0)
:Sending Trackball (ACTION_MOVE): 0:(-4.0,4.0)
:Sending Trackball (ACTION_MOVE): 0:(-3.0,1.0)
:Sending Trackball (ACTION_MOVE): 0:(1.0,-2.0)
:Sending Trackball (ACTION_MOVE): 0:(3.0,2.0)
:Sending Trackball (ACTION_MOVE): 0:(3.0,3.0)
:Sending Trackball (ACTION_MOVE): 0:(0.0,-2.0)
:Sending Trackball (ACTION_MOVE): 0:(4.0,-3.0)
:Sending Trackball (ACTION_MOVE): 0:(-3.0,-1.0)
:Sending Trackball (ACTION_MOVE): 0:(3.0,2.0)
:Sending Trackball (ACTION_MOVE): 0:(-5.0,-1.0)
:Sending Key (ACTION_DOWN): 112    // KEYCODE_FORWARD_DEL
:Sending Key (ACTION_UP): 112    // KEYCODE_FORWARD_DEL
Sleeping for 500 milliseconds
:Sending Key (ACTION_DOWN): 23    // KEYCODE_DPAD_CENTER
:Sending Key (ACTION_UP): 23    // KEYCODE_DPAD_CENTER
Sleeping for 500 milliseconds
:Sending Key (ACTION_DOWN): 20    // KEYCODE_DPAD_DOWN
:Sending Key (ACTION_UP): 20    // KEYCODE_DPAD_DOWN
Sleeping for 500 milliseconds
:Sending Key (ACTION_DOWN): 166    // KEYCODE_CHANNEL_UP
:Sending Key (ACTION_UP): 166    // KEYCODE_CHANNEL_UP
Sleeping for 500 milliseconds
:Sending Key (ACTION_DOWN): 23    // KEYCODE_DPAD_CENTER
:Sending Key (ACTION_UP): 23    // KEYCODE_DPAD_CENTER
Sleeping for 500 milliseconds
:Sending Key (ACTION_DOWN): 21    // KEYCODE_DPAD_LEFT
:Sending Key (ACTION_UP): 21    // KEYCODE_DPAD_LEFT
Sleeping for 500 milliseconds
:Sending Touch (ACTION_DOWN): 0:(749.0,1060.0)
:Sending Touch (ACTION_UP): 0:(770.6366,1049.8236)
Sleeping for 500 milliseconds
:Sending Touch (ACTION_DOWN): 0:(372.0,655.0)
:Sending Touch (ACTION_UP): 0:(373.90625,651.3863)
Sleeping for 500 milliseconds
:Sending Key (ACTION_DOWN): 21    // KEYCODE_DPAD_LEFT
:Sending Key (ACTION_UP): 21    // KEYCODE_DPAD_LEFT
Sleeping for 500 milliseconds
:Sending Key (ACTION_DOWN): 23    // KEYCODE_DPAD_CENTER
:Sending Key (ACTION_UP): 23    // KEYCODE_DPAD_CENTER
Sleeping for 500 milliseconds
:Sending Key (ACTION_DOWN): 23    // KEYCODE_DPAD_CENTER
:Sending Key (ACTION_UP): 23    // KEYCODE_DPAD_CENTER
Sleeping for 500 milliseconds
:Sending Touch (ACTION_DOWN): 0:(1384.0,1230.0)
:Sending Touch (ACTION_MOVE): 0:(1393.1174,1224.5133)
:Sending Touch (ACTION_MOVE): 0:(1398.4926,1224.2927)
:Sending Touch (ACTION_MOVE): 0:(1410.5142,1214.2627)
:Sending Touch (ACTION_MOVE): 0:(1419.1487,1206.201)
:Sending Touch (ACTION_MOVE): 0:(1423.1948,1198.1232)
:Sending Touch (ACTION_MOVE): 0:(1424.7229,1188.0603)
:Sending Touch (ACTION_MOVE): 0:(1426.1284,1181.7385)
:Sending Touch (ACTION_MOVE): 0:(1430.9209,1172.1515)
    //[calendar_time:2016-05-24 10:36:11.738  system_uptime:86496421]
    // Sending event #800
:Sending Touch (ACTION_UP): 0:(1439.7671,1167.2932)
Sleeping for 500 milliseconds
:Sending Key (ACTION_DOWN): 22    // KEYCODE_DPAD_RIGHT
:Sending Key (ACTION_UP): 22    // KEYCODE_DPAD_RIGHT
Sleeping for 500 milliseconds
:Sending Key (ACTION_DOWN): 60    // KEYCODE_SHIFT_RIGHT
:Sending Key (ACTION_UP): 60    // KEYCODE_SHIFT_RIGHT
Sleeping for 500 milliseconds
:Switch: #Intent;action=android.intent.action.MAIN;category=android.intent.category.LAUNCHER;launchFlags=0x10200000;component=com.yaya.mmbang/.activity.SplashActivity;end
    // Allowing start of Intent { act=android.intent.action.MAIN cat=[android.intent.category.LAUNCHER] cmp=com.yaya.mmbang/.activity.SplashActivity } in package com.yaya.mmbang
Sleeping for 500 milliseconds
:Sending Key (ACTION_DOWN): 82    // KEYCODE_MENU
:Sending Key (ACTION_UP): 82    // KEYCODE_MENU
Sleeping for 500 milliseconds
:Sending Key (ACTION_DOWN): 22    // KEYCODE_DPAD_RIGHT
:Sending Key (ACTION_UP): 22    // KEYCODE_DPAD_RIGHT
Sleeping for 500 milliseconds
:Sending Touch (ACTION_DOWN): 0:(857.0,49.0)
:Sending Touch (ACTION_UP): 0:(859.87146,53.997345)
Sleeping for 500 milliseconds
:Sending Touch (ACTION_DOWN): 0:(203.0,1187.0)
:Sending Touch (ACTION_UP): 0:(181.991,1187.403)
Sleeping for 500 milliseconds
:Sending Touch (ACTION_DOWN): 0:(604.0,820.0)
:Sending Touch (ACTION_UP): 0:(587.0785,813.3553)
Sleeping for 500 milliseconds
:Sending Touch (ACTION_DOWN): 0:(1105.0,1767.0)
:Sending Touch (ACTION_UP): 0:(1111.7606,1766.9924)
Sleeping for 500 milliseconds
:Sending Touch (ACTION_DOWN): 0:(964.0,1257.0)
:Sending Touch (ACTION_MOVE): 0:(952.79736,1269.4852)
:Sending Touch (ACTION_MOVE): 0:(952.73926,1275.5793)
:Sending Touch (ACTION_UP): 0:(951.58154,1276.2491)
Sleeping for 500 milliseconds
:Sending Key (ACTION_DOWN): 19    // KEYCODE_DPAD_UP
:Sending Key (ACTION_UP): 19    // KEYCODE_DPAD_UP
Sleeping for 500 milliseconds
:Sending Key (ACTION_DOWN): 21    // KEYCODE_DPAD_LEFT
:Sending Key (ACTION_UP): 21    // KEYCODE_DPAD_LEFT
Sleeping for 500 milliseconds
:Sending Key (ACTION_DOWN): 82    // KEYCODE_MENU
:Sending Key (ACTION_UP): 82    // KEYCODE_MENU
Sleeping for 500 milliseconds
:Sending Key (ACTION_DOWN): 209    // KEYCODE_MUSIC
:Sending Key (ACTION_UP): 209    // KEYCODE_MUSIC
Sleeping for 500 milliseconds
:Sending Touch (ACTION_DOWN): 0:(436.0,1314.0)
:Sending Touch (ACTION_UP): 0:(449.45264,1303.9186)
Sleeping for 500 milliseconds
:Sending Key (ACTION_DOWN): 82    // KEYCODE_MENU
:Sending Key (ACTION_UP): 82    // KEYCODE_MENU
Sleeping for 500 milliseconds
:Sending Key (ACTION_DOWN): 23    // KEYCODE_DPAD_CENTER
:Sending Key (ACTION_UP): 23    // KEYCODE_DPAD_CENTER
Sleeping for 500 milliseconds
:Sending Touch (ACTION_DOWN): 0:(507.0,1396.0)
:Sending Touch (ACTION_UP): 0:(497.52142,1389.3213)
Sleeping for 500 milliseconds
:Sending Trackball (ACTION_MOVE): 0:(0.0,3.0)
:Sending Trackball (ACTION_MOVE): 0:(2.0,2.0)
:Sending Trackball (ACTION_MOVE): 0:(2.0,-2.0)
:Sending Trackball (ACTION_MOVE): 0:(-5.0,-3.0)
:Sending Trackball (ACTION_MOVE): 0:(-1.0,4.0)
:Sending Trackball (ACTION_MOVE): 0:(4.0,1.0)
:Sending Trackball (ACTION_MOVE): 0:(-5.0,2.0)
:Sending Trackball (ACTION_MOVE): 0:(-4.0,1.0)
:Sending Trackball (ACTION_MOVE): 0:(-3.0,-1.0)
:Sending Trackball (ACTION_MOVE): 0:(-5.0,-5.0)
:Sending Key (ACTION_DOWN): 21    // KEYCODE_DPAD_LEFT
:Sending Key (ACTION_UP): 21    // KEYCODE_DPAD_LEFT
Sleeping for 500 milliseconds
:Sending Trackball (ACTION_MOVE): 0:(3.0,0.0)
:Sending Trackball (ACTION_MOVE): 0:(-2.0,-3.0)
:Sending Trackball (ACTION_MOVE): 0:(0.0,2.0)
:Sending Trackball (ACTION_MOVE): 0:(-5.0,-2.0)
:Sending Trackball (ACTION_MOVE): 0:(-2.0,2.0)
:Sending Trackball (ACTION_MOVE): 0:(-4.0,-2.0)
:Sending Trackball (ACTION_MOVE): 0:(-5.0,-1.0)
:Sending Trackball (ACTION_MOVE): 0:(-3.0,2.0)
:Sending Trackball (ACTION_MOVE): 0:(0.0,2.0)
:Sending Trackball (ACTION_MOVE): 0:(-4.0,-1.0)
:Sending Trackball (ACTION_DOWN): 0:(0.0,0.0)
:Sending Trackball (ACTION_UP): 0:(0.0,0.0)
Sleeping for 500 milliseconds
:Sending Key (ACTION_DOWN): 24    // KEYCODE_VOLUME_UP
:Sending Key (ACTION_UP): 24    // KEYCODE_VOLUME_UP
Sleeping for 500 milliseconds
:Sending Key (ACTION_DOWN): 57    // KEYCODE_ALT_LEFT
:Sending Key (ACTION_UP): 57    // KEYCODE_ALT_LEFT
Sleeping for 500 milliseconds
:Sending Touch (ACTION_DOWN): 0:(1283.0,1340.0)
:Sending Touch (ACTION_MOVE): 0:(1276.9458,1345.1321)
:Sending Touch (ACTION_UP): 0:(1274.743,1345.7349)
Sleeping for 500 milliseconds
:Sending Trackball (ACTION_MOVE): 0:(-3.0,-4.0)
:Sending Trackball (ACTION_MOVE): 0:(2.0,2.0)
:Sending Trackball (ACTION_MOVE): 0:(1.0,2.0)
:Sending Trackball (ACTION_MOVE): 0:(1.0,2.0)
:Sending Trackball (ACTION_MOVE): 0:(-5.0,-3.0)
:Sending Trackball (ACTION_MOVE): 0:(-4.0,-3.0)
:Sending Trackball (ACTION_MOVE): 0:(-3.0,0.0)
:Sending Trackball (ACTION_MOVE): 0:(0.0,-1.0)
:Sending Trackball (ACTION_MOVE): 0:(-4.0,1.0)
:Sending Trackball (ACTION_MOVE): 0:(2.0,1.0)
:Sending Key (ACTION_DOWN): 206    // KEYCODE_3D_MODE
:Sending Key (ACTION_UP): 206    // KEYCODE_3D_MODE
Sleeping for 500 milliseconds
:Sending Key (ACTION_DOWN): 68    // KEYCODE_GRAVE
:Sending Key (ACTION_UP): 68    // KEYCODE_GRAVE
Sleeping for 500 milliseconds
:Sending Key (ACTION_DOWN): 20    // KEYCODE_DPAD_DOWN
:Sending Key (ACTION_UP): 20    // KEYCODE_DPAD_DOWN
Sleeping for 500 milliseconds
:Sending Touch (ACTION_DOWN): 0:(1183.0,252.0)
:Sending Touch (ACTION_UP): 0:(1176.3271,250.78659)
Sleeping for 500 milliseconds
:Sending Trackball (ACTION_MOVE): 0:(-4.0,-5.0)
:Sending Trackball (ACTION_MOVE): 0:(-1.0,-5.0)
:Sending Trackball (ACTION_MOVE): 0:(-4.0,-1.0)
:Sending Trackball (ACTION_MOVE): 0:(2.0,-1.0)
:Sending Trackball (ACTION_MOVE): 0:(-1.0,3.0)
:Sending Trackball (ACTION_MOVE): 0:(-5.0,-5.0)
:Sending Trackball (ACTION_MOVE): 0:(3.0,0.0)
:Sending Trackball (ACTION_MOVE): 0:(-2.0,-4.0)
:Sending Trackball (ACTION_MOVE): 0:(-5.0,-1.0)
:Sending Trackball (ACTION_MOVE): 0:(-4.0,-2.0)
:Sending Trackball (ACTION_DOWN): 0:(0.0,0.0)
:Sending Trackball (ACTION_UP): 0:(0.0,0.0)
Sleeping for 500 milliseconds
:Sending Key (ACTION_DOWN): 21    // KEYCODE_DPAD_LEFT
    //[calendar_time:2016-05-24 10:36:26.931  system_uptime:86511615]
    // Sending event #900
:Sending Key (ACTION_UP): 21    // KEYCODE_DPAD_LEFT
Sleeping for 500 milliseconds
:Sending Key (ACTION_DOWN): 82    // KEYCODE_MENU
:Sending Key (ACTION_UP): 82    // KEYCODE_MENU
Sleeping for 500 milliseconds
:Sending Touch (ACTION_DOWN): 0:(89.0,2320.0)
:Sending Touch (ACTION_UP): 0:(83.37812,2318.477)
Sleeping for 500 milliseconds
:Sending Trackball (ACTION_MOVE): 0:(0.0,-5.0)
:Sending Trackball (ACTION_MOVE): 0:(-4.0,2.0)
:Sending Trackball (ACTION_MOVE): 0:(4.0,-5.0)
:Sending Trackball (ACTION_MOVE): 0:(4.0,2.0)
:Sending Trackball (ACTION_MOVE): 0:(-4.0,-5.0)
:Sending Trackball (ACTION_MOVE): 0:(-2.0,0.0)
:Sending Trackball (ACTION_MOVE): 0:(4.0,-1.0)
:Sending Trackball (ACTION_MOVE): 0:(2.0,-1.0)
:Sending Trackball (ACTION_MOVE): 0:(3.0,-2.0)
:Sending Trackball (ACTION_MOVE): 0:(0.0,-3.0)
:Sending Key (ACTION_DOWN): 22    // KEYCODE_DPAD_RIGHT
:Sending Key (ACTION_UP): 22    // KEYCODE_DPAD_RIGHT
Sleeping for 500 milliseconds
:Sending Touch (ACTION_DOWN): 0:(798.0,308.0)
:Sending Touch (ACTION_UP): 0:(797.6945,309.79904)
Sleeping for 500 milliseconds
:Sending Trackball (ACTION_MOVE): 0:(1.0,2.0)
:Sending Trackball (ACTION_MOVE): 0:(3.0,0.0)
:Sending Trackball (ACTION_MOVE): 0:(1.0,-2.0)
:Sending Trackball (ACTION_MOVE): 0:(0.0,1.0)
:Sending Trackball (ACTION_MOVE): 0:(-1.0,-4.0)
:Sending Trackball (ACTION_MOVE): 0:(4.0,-2.0)
:Sending Trackball (ACTION_MOVE): 0:(-3.0,4.0)
:Sending Trackball (ACTION_MOVE): 0:(2.0,4.0)
:Sending Trackball (ACTION_MOVE): 0:(-2.0,3.0)
:Sending Trackball (ACTION_MOVE): 0:(-5.0,3.0)
:Sending Trackball (ACTION_MOVE): 0:(-2.0,-4.0)
:Sending Trackball (ACTION_MOVE): 0:(3.0,3.0)
:Sending Trackball (ACTION_MOVE): 0:(3.0,-1.0)
:Sending Trackball (ACTION_MOVE): 0:(-4.0,0.0)
:Sending Trackball (ACTION_MOVE): 0:(-2.0,0.0)
:Sending Trackball (ACTION_MOVE): 0:(4.0,3.0)
:Sending Trackball (ACTION_MOVE): 0:(3.0,-1.0)
:Sending Trackball (ACTION_MOVE): 0:(-1.0,-2.0)
:Sending Trackball (ACTION_MOVE): 0:(-3.0,3.0)
:Sending Trackball (ACTION_MOVE): 0:(-4.0,-5.0)
:Sending Trackball (ACTION_DOWN): 0:(0.0,0.0)
:Sending Trackball (ACTION_UP): 0:(0.0,0.0)
Sleeping for 500 milliseconds
:Sending Touch (ACTION_DOWN): 0:(1431.0,1243.0)
:Sending Touch (ACTION_MOVE): 0:(1431.9253,1247.5211)
:Sending Touch (ACTION_MOVE): 0:(1433.0442,1250.3156)
:Sending Touch (ACTION_MOVE): 0:(1434.3236,1253.3784)
:Sending Touch (ACTION_MOVE): 0:(1435.5825,1256.9432)
:Sending Touch (ACTION_MOVE): 0:(1436.32,1260.428)
:Sending Touch (ACTION_MOVE): 0:(1437.1462,1263.5266)
:Sending Touch (ACTION_MOVE): 0:(1438.1091,1269.8213)
:Sending Touch (ACTION_UP): 0:(1438.948,1271.097)
Sleeping for 500 milliseconds
:Sending Trackball (ACTION_MOVE): 0:(-5.0,2.0)
:Sending Trackball (ACTION_MOVE): 0:(-3.0,-1.0)
:Sending Trackball (ACTION_MOVE): 0:(3.0,-2.0)
:Sending Trackball (ACTION_MOVE): 0:(1.0,-2.0)
:Sending Trackball (ACTION_MOVE): 0:(4.0,-1.0)
:Sending Trackball (ACTION_MOVE): 0:(-3.0,3.0)
:Sending Trackball (ACTION_MOVE): 0:(3.0,-5.0)
:Sending Trackball (ACTION_MOVE): 0:(2.0,3.0)
:Sending Trackball (ACTION_MOVE): 0:(-3.0,-2.0)
:Sending Trackball (ACTION_MOVE): 0:(1.0,-2.0)
:Sending Touch (ACTION_DOWN): 0:(613.0,193.0)
:Sending Touch (ACTION_MOVE): 0:(612.6777,193.82108)
:Sending Touch (ACTION_MOVE): 0:(605.4406,194.69151)
:Sending Touch (ACTION_MOVE): 0:(598.2452,195.40622)
:Sending Touch (ACTION_MOVE): 0:(594.0643,195.70567)
:Sending Touch (ACTION_MOVE): 0:(590.07495,196.72878)
:Sending Touch (ACTION_UP): 0:(583.7389,197.64857)
Sleeping for 500 milliseconds
:Sending Key (ACTION_DOWN): 103    // KEYCODE_BUTTON_R1
:Sending Key (ACTION_UP): 103    // KEYCODE_BUTTON_R1
Sleeping for 500 milliseconds
:Sending Trackball (ACTION_MOVE): 0:(4.0,-5.0)
:Sending Trackball (ACTION_MOVE): 0:(2.0,4.0)
:Sending Trackball (ACTION_MOVE): 0:(0.0,3.0)
:Sending Trackball (ACTION_MOVE): 0:(-5.0,-1.0)
:Sending Trackball (ACTION_MOVE): 0:(-2.0,1.0)
:Sending Trackball (ACTION_MOVE): 0:(2.0,-1.0)
:Sending Trackball (ACTION_MOVE): 0:(-3.0,4.0)
:Sending Trackball (ACTION_MOVE): 0:(-2.0,-4.0)
:Sending Trackball (ACTION_MOVE): 0:(0.0,4.0)
:Sending Trackball (ACTION_MOVE): 0:(-5.0,2.0)
:Sending Trackball (ACTION_MOVE): 0:(1.0,-1.0)
:Sending Trackball (ACTION_MOVE): 0:(0.0,-4.0)
:Sending Trackball (ACTION_MOVE): 0:(-4.0,3.0)
:Sending Trackball (ACTION_MOVE): 0:(0.0,-3.0)
:Sending Trackball (ACTION_MOVE): 0:(-4.0,2.0)
:Sending Trackball (ACTION_MOVE): 0:(-1.0,4.0)
:Sending Trackball (ACTION_MOVE): 0:(2.0,3.0)
:Sending Trackball (ACTION_MOVE): 0:(4.0,3.0)
:Sending Trackball (ACTION_MOVE): 0:(2.0,-3.0)
:Sending Trackball (ACTION_MOVE): 0:(3.0,-1.0)
:Sending Trackball (ACTION_MOVE): 0:(-4.0,4.0)
:Sending Trackball (ACTION_MOVE): 0:(3.0,-4.0)
:Sending Trackball (ACTION_MOVE): 0:(-4.0,-2.0)
:Sending Trackball (ACTION_MOVE): 0:(4.0,-2.0)
:Sending Trackball (ACTION_MOVE): 0:(4.0,1.0)
:Sending Trackball (ACTION_MOVE): 0:(2.0,-5.0)
:Sending Trackball (ACTION_MOVE): 0:(2.0,2.0)
:Sending Trackball (ACTION_MOVE): 0:(-1.0,-3.0)
:Sending Trackball (ACTION_MOVE): 0:(-2.0,3.0)
:Sending Trackball (ACTION_MOVE): 0:(-4.0,-1.0)
:Sending Key (ACTION_DOWN): 23    // KEYCODE_DPAD_CENTER
Events injected: 1000
:Sending rotation degree=0, persist=false
:Dropped: keys=0 pointers=0 trackballs=0 flips=2 rotations=0
## Network stats: elapsed time=112447ms (0ms mobile, 0ms wifi, 112447ms not connected)
// Monkey finished
