:Monkey: seed=20 count=300
:AllowPackage: com.yaya.mmbang
:IncludeCategory: android.intent.category.LAUNCHER
:IncludeCategory: android.intent.category.MONKEY
// Selecting main activities from category android.intent.category.LAUNCHER
//   - NOT USING main activity com.miui.barcodescanner.activity.CaptureActivity (from package com.miui.barcodescanner)
//   - NOT USING main activity com.android.contacts.activities.PeopleActivity (from package com.android.contacts)
//   - NOT USING main activity com.android.contacts.activities.TwelveKeyDialer (from package com.android.contacts)
//   - NOT USING main activity com.android.camera.Camera (from package com.android.camera)
//   - NOT USING main activity com.miui.gallery.app.Gallery (from package com.miui.gallery)
//   - NOT USING main activity com.miui.fmradio.FmRadioActivity (from package com.miui.fmradio)
//   - NOT USING main activity com.android.mms.ui.MmsTabActivity (from package com.android.mms)
//   - NOT USING main activity com.android.settings.MainSettings (from package com.android.settings)
//   - NOT USING main activity com.android.calculator2.Calculator (from package com.android.calculator2)
//   - NOT USING main activity com.android.deskclock.DeskClockTabActivity (from package com.android.deskclock)
//   - NOT USING main activity com.android.email.activity.Welcome (from package com.android.email)
//   - NOT USING main activity com.mipay.wallet.ui.MipayEntryActivity (from package com.mipay.wallet)
//   - NOT USING main activity com.miui.notes.ui.NotesListActivity (from package com.miui.notes)
//   - NOT USING main activity com.android.thememanager.ThemeResourceTabActivity (from package com.android.thememanager)
//   - NOT USING main activity com.miui.weather2.ActivityWeatherMain (from package com.miui.weather2)
//   - NOT USING main activity com.android.calendar.AllInOneActivity (from package com.android.calendar)
//   - NOT USING main activity com.android.browser.BrowserActivity (from package com.android.browser)
//   - NOT USING main activity com.android.fileexplorer.FileExplorerTabActivity (from package com.android.fileexplorer)
//   - NOT USING main activity me.ele.Launcher (from package me.ele)
//   - NOT USING main activity com.xiaomi.jr.CTAActivity (from package com.xiaomi.jr)
//   - NOT USING main activity com.wandoujia.jupiter.activity.HomeActivity (from package com.wandoujia.phoenix2)
//   - NOT USING main activity com.google.android.apps.chrome.Main (from package com.android.chrome)
//   - NOT USING main activity com.qihoo.browser.activity.SplashActivity (from package com.qihoo.browser)
//   - NOT USING main activity com.baidu.baidumaps.WelcomeScreen (from package com.baidu.BaiduMap)
//   - NOT USING main activity com.sohu.inputmethod.sogou.SogouIMELauncher (from package com.sohu.inputmethod.sogou)
//   - NOT USING main activity com.qihoo.appstore.home.LauncherActivity (from package com.qihoo.appstore)
//   - NOT USING main activity com.dangdang.buy2.StartupActivity (from package com.dangdang.buy2)
//   - NOT USING main activity com.miui.securitycenter.MainActivity (from package com.miui.securitycenter)
//   - NOT USING main activity com.miui.bugreport.ui.MainActivity (from package com.miui.bugreport)
//   - NOT USING main activity com.android.providers.downloads.ui.DownloadList (from package com.android.providers.downloads.ui)
//   - NOT USING main activity com.miui.compass.CompassActivity (from package com.miui.compass)
//   - NOT USING main activity com.xiaomi.market.ui.MarketTabActivity (from package com.xiaomi.market)
//   - NOT USING main activity com.android.soundrecorder.SoundRecorder (from package com.android.soundrecorder)
//   - NOT USING main activity com.android.updater.MainActivity (from package com.android.updater)
//   - NOT USING main activity com.miui.voiceassist.CTAAlertActivity (from package com.miui.voiceassist)
//   - NOT USING main activity com.xiaomi.account.ui.AccountSettingsActivity (from package com.xiaomi.account)
//   - NOT USING main activity com.miui.video.HomeActivity (from package com.miui.video)
//   - NOT USING main activity com.miui.player.ui.MusicBrowserActivity (from package com.miui.player)
//   - NOT USING main activity com.google.android.apps.inputmethod.libs.framework.core.LauncherActivity (from package com.google.android.inputmethod.pinyin)
//   - NOT USING main activity com.xiaomi.gamecenter.ui.MainTabActivity (from package com.xiaomi.gamecenter)
//   - NOT USING main activity com.jingdong.app.mall.MainActivity (from package com.jingdong.app.mall)
//   - NOT USING main activity com.taobao.tao.welcome.Welcome (from package com.taobao.taobao)
//   - NOT USING main activity com.storm.market.activity.MainSplashActivity (from package com.storm.market)
//   - NOT USING main activity com.xiaomi.shop.activity.MainTabActivity (from package com.xiaomi.shop)
//   - NOT USING main activity com.xiaomi.o2o.activity.GuideActivity (from package com.xiaomi.o2o)
//   - NOT USING main activity com.lingan.seeyou.ui.activity.main.WelcomeActivity (from package com.lingan.seeyou)
//   - NOT USING main activity com.mqunar.splash.SplashActivity (from package com.Qunar)
//   - NOT USING main activity com.meiyou.pregnancy.ui.welcome.WelcomeActivity (from package com.lingan.yunqi)
//   - NOT USING main activity com.tencent.wstt.gt.activity.SplashActivity (from package com.tencent.wstt.gt)
//   - NOT USING main activity com.jm.android.jumei.JuMeiProject (from package com.jm.android.jumei)
//   - NOT USING main activity com.xiaomi.channel.ui.ChannelLauncherActivity (from package com.xiaomi.channel)
//   - NOT USING main activity com.sina.weibo.SplashActivity (from package com.sina.weibo)
//   - NOT USING main activity com.ndoo.pcassist.activity.MainActivity (from package com.ndoo.pcassist)
//   - NOT USING main activity com.yaya.zone.activity.SplashActivity (from package com.yaya.zone)
//   - NOT USING main activity com.mt.mtxx.mtxx.TopViewActivity (from package com.mt.mtxx.mtxx)
//   - NOT USING main activity com.ttxg.fruitday.MainActivity_ (from package com.ttxg.fruitday)
//   - NOT USING main activity com.amazon.mShop.home.HomeActivity (from package cn.amazon.mShop.android)
//   - NOT USING main activity com.eku001.kangda.views.SplashScreen (from package com.eku001.kangda)
//   - NOT USING main activity com.sankuai.movie.welcome.Welcome (from package com.sankuai.movie)
//   - NOT USING main activity cn.wps.moffice.documentmanager.PreStartActivity (from package cn.wps.moffice_eng)
//   - NOT USING main activity com.didi.sdk.splash.SplashActivity (from package com.sdu.didi.psnger)
//   - NOT USING main activity pdj.start.StartActivity (from package com.jingdong.pdj)
//   - NOT USING main activity com.didapinche.booking.home.activity.StartActivity (from package com.didapinche.booking)
//   - NOT USING main activity com.qihoo.util.StartActivity (from package cn.damai.tdplay)
//   - NOT USING main activity com.autonavi.map.activity.SplashActivity (from package com.autonavi.minimap)
//   - NOT USING main activity com.yaya.haowan.ui.SplashActivity (from package com.yaya.haowan)
//   - NOT USING main activity com.tencent.mtt.SplashActivity (from package com.tencent.mtt)
//   - NOT USING main activity com.wangzhi.MaMaHelp.SplashScreen (from package com.wangzhi.MaMaHelp)
//   - NOT USING main activity com.storm.yeelion.activity.WelcomeActivity (from package com.storm.yeelion)
//   - NOT USING main activity com.yidian.xiaomi.ui.guide.UserGuideActivity (from package com.yidian.xiaomi)
//   - NOT USING main activity com.tencent.mobileqq.activity.SplashActivity (from package com.tencent.mobileqq)
//   - NOT USING main activity com.youloft.calendar.MainActivity (from package com.youloft.calendar)
//   - NOT USING main activity com.storm.smart.LogoActivity (from package com.storm.smart)
//   - NOT USING main activity com.duokan.reader.DkReaderActivity (from package com.duokan.reader)
//   - NOT USING main activity org.vv.brainTwister.WelcomeActivity (from package org.vv.brainTwister)
//   - NOT USING main activity com.sankuai.meituan.activity.Welcome (from package com.sankuai.meituan)
//   - NOT USING main activity com.baidu.lbs.waimai.SplashActivity (from package com.baidu.lbs.waimai)
//   - NOT USING main activity cn.itools.tool.market.ui.activity.HostActivity (from package cn.itools.tool.market)
//   - NOT USING main activity com.ulfdittmer.android.ping.Main (from package com.ulfdittmer.android.ping)
//   - NOT USING main activity com.qihoo360.mobilesafe.ui.index.AppEnterActivity (from package com.qihoo360.mobilesafe)
//   - NOT USING main activity com.ijinshan.kbatterydoctor.SplashActivity (from package com.ijinshan.kbatterydoctor)
//   - NOT USING main activity com.north.expressnews.WelcomeActivity (from package com.dealmoon.android)
//   - NOT USING main activity com.kuaikan.comic.ui.LaunchActivity (from package com.kuaikan.comic)
//   - NOT USING main activity com.fanli.android.activity.SplashActivity (from package com.fanli.android.apps)
//   - NOT USING main activity com.icloverlabs.idrinkwaterapp.ui.SplashScreenActivity (from package com.icloverlabs.idrinkwaterapp)
//   - NOT USING main activity com.happyelements.hellolua.MainActivity (from package com.happyelements.AndroidAnimal)
//   - NOT USING main activity com.kugou.android.app.splash.SplashActivity (from package com.kugou.android)
//   + Using main activity com.yaya.mmbang.activity.SplashActivity (from package com.yaya.mmbang)
// Selecting main activities from category android.intent.category.MONKEY
//   - NOT USING main activity com.miui.home.launcher.Launcher (from package com.miui.home)
//   - NOT USING main activity com.android.settings.applications.ManageApplicationsActivity (from package com.android.settings)
//   - NOT USING main activity com.mipay.wallet.ui.MipayEntryActivity (from package com.mipay.wallet)
//   - NOT USING main activity com.xiaomi.payment.MiliCenterEntryActivity (from package com.xiaomi.payment)
//   - NOT USING main activity com.miui.mipub.ui.cvlist.ConversationListActivity (from package com.miui.mipub)
//   - NOT USING main activity com.miui.yellowpage.activity.MonkeyActivity (from package com.miui.yellowpage)
//   - NOT USING main activity com.miui.virtualsim.monkeyentry.MonkeyActivity (from package com.miui.virtualsim)
//   - NOT USING main activity com.xiaomi.vip.ui.monkeyentry.MonkeyActivity (from package com.xiaomi.vip)
// Seeded: 20
// Event percentages:
//   0: 15.0%
//   1: 10.0%
//   2: 2.0%
//   3: 15.0%
//   4: -0.0%
//   5: 25.0%
//   6: 15.0%
//   7: 2.0%
//   8: 2.0%
//   9: 1.0%
//   10: 13.0%
:Switch: #Intent;action=android.intent.action.MAIN;category=android.intent.category.LAUNCHER;launchFlags=0x10200000;component=com.yaya.mmbang/.activity.SplashActivity;end
    // Allowing start of Intent { act=android.intent.action.MAIN cat=[android.intent.category.LAUNCHER] cmp=com.yaya.mmbang/.activity.SplashActivity } in package com.yaya.mmbang
Sleeping for 500 milliseconds
:Sending Key (ACTION_DOWN): 19    // KEYCODE_DPAD_UP
:Sending Key (ACTION_UP): 19    // KEYCODE_DPAD_UP
Sleeping for 500 milliseconds
    // Allowing start of Intent { cmp=com.yaya.mmbang/.activity.MainActivity } in package com.yaya.mmbang
    // activityResuming(com.yaya.mmbang)
    // Allowing start of Intent { cmp=com.yaya.mmbang/.login.NewbieProcessActivity } in package com.yaya.mmbang
:Sending Key (ACTION_DOWN): 126    // KEYCODE_MEDIA_PLAY
:Sending Key (ACTION_UP): 126    // KEYCODE_MEDIA_PLAY
Sleeping for 500 milliseconds
:Sending Key (ACTION_DOWN): 19    // KEYCODE_DPAD_UP
:Sending Key (ACTION_UP): 19    // KEYCODE_DPAD_UP
Sleeping for 500 milliseconds
:Sending Key (ACTION_DOWN): 19    // KEYCODE_DPAD_UP
:Sending Key (ACTION_UP): 19    // KEYCODE_DPAD_UP
Sleeping for 500 milliseconds
:Sending Key (ACTION_DOWN): 20    // KEYCODE_DPAD_DOWN
:Sending Key (ACTION_UP): 20    // KEYCODE_DPAD_DOWN
Sleeping for 500 milliseconds
:Sending Key (ACTION_DOWN): 20    // KEYCODE_DPAD_DOWN
:Sending Key (ACTION_UP): 20    // KEYCODE_DPAD_DOWN
Sleeping for 500 milliseconds
:Sending Touch (ACTION_DOWN): 0:(728.0,1636.0)
:Sending Touch (ACTION_UP): 0:(706.3428,1633.093)
Sleeping for 500 milliseconds
:Sending Key (ACTION_DOWN): 82    // KEYCODE_MENU
:Sending Key (ACTION_UP): 82    // KEYCODE_MENU
Sleeping for 500 milliseconds
:Sending Key (ACTION_DOWN): 22    // KEYCODE_DPAD_RIGHT
:Sending Key (ACTION_UP): 22    // KEYCODE_DPAD_RIGHT
Sleeping for 500 milliseconds
:Sending Trackball (ACTION_MOVE): 0:(-4.0,2.0)
:Sending Trackball (ACTION_MOVE): 0:(-2.0,1.0)
:Sending Trackball (ACTION_MOVE): 0:(2.0,-4.0)
:Sending Trackball (ACTION_MOVE): 0:(-4.0,0.0)
:Sending Trackball (ACTION_MOVE): 0:(1.0,-4.0)
:Sending Trackball (ACTION_MOVE): 0:(0.0,0.0)
:Sending Trackball (ACTION_MOVE): 0:(-2.0,0.0)
:Sending Trackball (ACTION_MOVE): 0:(-2.0,3.0)
:Sending Trackball (ACTION_MOVE): 0:(-3.0,-5.0)
:Sending Trackball (ACTION_MOVE): 0:(1.0,3.0)
:Sending Touch (ACTION_DOWN): 0:(1251.0,1246.0)
:Sending Touch (ACTION_POINTER_DOWN 1): 0:(1255.8875,1233.8129) 1:(991.0,2059.0)
:Sending Touch (ACTION_MOVE): 0:(1262.2936,1231.8857) 1:(991.3667,2046.866)
:Sending Touch (ACTION_MOVE): 0:(1264.0906,1221.3058) 1:(991.621,2035.9963)
:Sending Touch (ACTION_MOVE): 0:(1273.6799,1208.8496) 1:(992.96216,2023.7228)
:Sending Touch (ACTION_MOVE): 0:(1279.598,1206.6073) 1:(993.33246,2016.8387)
:Sending Touch (ACTION_MOVE): 0:(1285.6274,1204.6377) 1:(994.35114,2004.2037)
:Sending Touch (ACTION_POINTER_UP 1): 0:(1291.4099,1201.019) 1:(995.02954,1999.3994)
:Sending Touch (ACTION_UP): 0:(1296.1237,1190.7046)
Sleeping for 500 milliseconds
:Sending Trackball (ACTION_MOVE): 0:(-4.0,2.0)
:Sending Trackball (ACTION_MOVE): 0:(4.0,2.0)
:Sending Trackball (ACTION_MOVE): 0:(2.0,1.0)
:Sending Trackball (ACTION_MOVE): 0:(-4.0,1.0)
:Sending Trackball (ACTION_MOVE): 0:(0.0,3.0)
:Sending Trackball (ACTION_MOVE): 0:(-4.0,-5.0)
:Sending Trackball (ACTION_MOVE): 0:(-1.0,-4.0)
:Sending Trackball (ACTION_MOVE): 0:(2.0,-2.0)
:Sending Trackball (ACTION_MOVE): 0:(-4.0,-4.0)
:Sending Trackball (ACTION_MOVE): 0:(1.0,-1.0)
:Sending Trackball (ACTION_DOWN): 0:(0.0,0.0)
:Sending Trackball (ACTION_UP): 0:(0.0,0.0)
Sleeping for 500 milliseconds
:Sending Flip keyboardOpen=false
Got IOException performing flipjava.io.IOException: write failed: EINVAL (Invalid argument)
    // Injection Failed
Sleeping for 500 milliseconds
:Sending Key (ACTION_DOWN): 19    // KEYCODE_DPAD_UP
:Sending Key (ACTION_UP): 19    // KEYCODE_DPAD_UP
Sleeping for 500 milliseconds
:Sending Key (ACTION_DOWN): 82    // KEYCODE_MENU
:Sending Key (ACTION_UP): 82    // KEYCODE_MENU
Sleeping for 500 milliseconds
:Sending Key (ACTION_DOWN): 23    // KEYCODE_DPAD_CENTER
:Sending Key (ACTION_UP): 23    // KEYCODE_DPAD_CENTER
Sleeping for 500 milliseconds
:Sending Key (ACTION_DOWN): 82    // KEYCODE_MENU
:Sending Key (ACTION_UP): 82    // KEYCODE_MENU
Sleeping for 500 milliseconds
:Sending Touch (ACTION_DOWN): 0:(318.0,1883.0)
:Sending Touch (ACTION_UP): 0:(314.68112,1881.6892)
Sleeping for 500 milliseconds
:Sending Key (ACTION_DOWN): 82    // KEYCODE_MENU
:Sending Key (ACTION_UP): 82    // KEYCODE_MENU
Sleeping for 500 milliseconds
:Sending Touch (ACTION_DOWN): 0:(639.0,189.0)
:Sending Touch (ACTION_MOVE): 0:(632.1324,184.31839)
:Sending Touch (ACTION_MOVE): 0:(628.4662,177.22147)
:Sending Touch (ACTION_MOVE): 0:(622.1648,164.144)
:Sending Touch (ACTION_MOVE): 0:(615.9865,161.94234)
:Sending Touch (ACTION_MOVE): 0:(615.0304,161.52136)
:Sending Touch (ACTION_MOVE): 0:(613.54504,153.80984)
:Sending Touch (ACTION_MOVE): 0:(612.3789,141.00555)
:Sending Touch (ACTION_UP): 0:(605.97504,132.11687)
Sleeping for 500 milliseconds
:Sending Touch (ACTION_DOWN): 0:(270.0,1738.0)
:Sending Touch (ACTION_UP): 0:(271.26498,1741.6364)
Sleeping for 500 milliseconds
    // Rejecting start of Intent { act=android.intent.action.VIEW dat=file:///storage/emulated/0/mmbang/log/crash_2016_05_24_21_05.log cmp=com.tencent.mtt/.external.reader.thirdcall.ThirdCallFileReaderActivity } in package com.tencent.mtt
:Sending Key (ACTION_DOWN): 23    // KEYCODE_DPAD_CENTER
:Sending Key (ACTION_UP): 23    // KEYCODE_DPAD_CENTER
Sleeping for 500 milliseconds
:Sending Touch (ACTION_DOWN): 0:(572.0,1509.0)
:Sending Touch (ACTION_POINTER_DOWN 1): 0:(573.5585,1510.0077) 1:(570.0,1429.0)
:Sending Touch (ACTION_MOVE): 0:(581.11255,1510.2283) 1:(567.75366,1439.5454)
:Sending Touch (ACTION_MOVE): 0:(588.9267,1512.023) 1:(567.28705,1444.323)
:Sending Touch (ACTION_MOVE): 0:(597.0585,1512.3353) 1:(567.021,1453.3798)
:Sending Touch (ACTION_POINTER_UP 1): 0:(601.9209,1512.4437) 1:(564.80774,1456.2023)
:Sending Touch (ACTION_UP): 0:(604.96,1514.2802)
Sleeping for 500 milliseconds
:Sending Key (ACTION_DOWN): 19    // KEYCODE_DPAD_UP
:Sending Key (ACTION_UP): 19    // KEYCODE_DPAD_UP
Sleeping for 500 milliseconds
:Sending Key (ACTION_DOWN): 62    // KEYCODE_SPACE
:Sending Key (ACTION_UP): 62    // KEYCODE_SPACE
Sleeping for 500 milliseconds
:Sending Touch (ACTION_DOWN): 0:(976.0,297.0)
:Sending Touch (ACTION_MOVE): 0:(967.61786,306.12244)
:Sending Touch (ACTION_MOVE): 0:(961.5958,317.42114)
:Sending Touch (ACTION_MOVE): 0:(956.51526,325.16595)
:Sending Touch (ACTION_MOVE): 0:(951.9508,336.06528)
:Sending Touch (ACTION_MOVE): 0:(931.6939,347.66458)
:Sending Touch (ACTION_MOVE): 0:(911.3153,347.66833)
:Sending Touch (ACTION_MOVE): 0:(907.33246,359.29114)
:Sending Touch (ACTION_MOVE): 0:(892.7709,371.2256)
:Sending Touch (ACTION_UP): 0:(871.35156,373.59302)
Sleeping for 500 milliseconds
:Sending Trackball (ACTION_MOVE): 0:(-4.0,1.0)
:Sending Trackball (ACTION_MOVE): 0:(4.0,2.0)
:Sending Trackball (ACTION_MOVE): 0:(3.0,-4.0)
    //[calendar_time:2016-05-25 17:37:12.387  system_uptime:26024601]
    // Sending event #100
:Sending Trackball (ACTION_MOVE): 0:(-2.0,1.0)
:Sending Trackball (ACTION_MOVE): 0:(0.0,0.0)
:Sending Trackball (ACTION_MOVE): 0:(2.0,2.0)
:Sending Trackball (ACTION_MOVE): 0:(-4.0,-4.0)
:Sending Trackball (ACTION_MOVE): 0:(-5.0,3.0)
:Sending Trackball (ACTION_MOVE): 0:(4.0,2.0)
:Sending Trackball (ACTION_MOVE): 0:(-3.0,0.0)
:Sending Key (ACTION_DOWN): 186    // KEYCODE_PROG_BLUE
:Sending Key (ACTION_UP): 186    // KEYCODE_PROG_BLUE
Sleeping for 500 milliseconds
:Sending Touch (ACTION_DOWN): 0:(1349.0,1534.0)
:Sending Touch (ACTION_MOVE): 0:(1351.0017,1527.49)
:Sending Touch (ACTION_MOVE): 0:(1352.6644,1523.7848)
:Sending Touch (ACTION_MOVE): 0:(1354.708,1517.6613)
:Sending Touch (ACTION_MOVE): 0:(1354.7748,1516.8424)
:Sending Touch (ACTION_MOVE): 0:(1354.7925,1515.8447)
:Sending Touch (ACTION_MOVE): 0:(1354.8158,1510.7493)
:Sending Touch (ACTION_UP): 0:(1358.5957,1503.4257)
Sleeping for 500 milliseconds
:Sending Flip keyboardOpen=true
Got IOException performing flipjava.io.IOException: write failed: EINVAL (Invalid argument)
    // Injection Failed
Sleeping for 500 milliseconds
:Sending Key (ACTION_DOWN): 31    // KEYCODE_C
:Sending Key (ACTION_UP): 31    // KEYCODE_C
Sleeping for 500 milliseconds
:Sending Key (ACTION_DOWN): 82    // KEYCODE_MENU
:Sending Key (ACTION_UP): 82    // KEYCODE_MENU
Sleeping for 500 milliseconds
:Sending Key (ACTION_DOWN): 103    // KEYCODE_BUTTON_R1
:Sending Key (ACTION_UP): 103    // KEYCODE_BUTTON_R1
Sleeping for 500 milliseconds
:Switch: #Intent;action=android.intent.action.MAIN;category=android.intent.category.LAUNCHER;launchFlags=0x10200000;component=com.yaya.mmbang/.activity.SplashActivity;end
    // Allowing start of Intent { act=android.intent.action.MAIN cat=[android.intent.category.LAUNCHER] cmp=com.yaya.mmbang/.activity.SplashActivity } in package com.yaya.mmbang
Sleeping for 500 milliseconds
:Sending Trackball (ACTION_MOVE): 0:(2.0,3.0)
:Sending Trackball (ACTION_MOVE): 0:(-5.0,-1.0)
:Sending Trackball (ACTION_MOVE): 0:(3.0,3.0)
:Sending Trackball (ACTION_MOVE): 0:(2.0,0.0)
:Sending Trackball (ACTION_MOVE): 0:(-1.0,-1.0)
:Sending Trackball (ACTION_MOVE): 0:(-1.0,4.0)
:Sending Trackball (ACTION_MOVE): 0:(3.0,-3.0)
:Sending Trackball (ACTION_MOVE): 0:(-1.0,2.0)
:Sending Trackball (ACTION_MOVE): 0:(4.0,-4.0)
:Sending Trackball (ACTION_MOVE): 0:(-5.0,2.0)
:Sending Touch (ACTION_DOWN): 0:(1054.0,50.0)
:Sending Touch (ACTION_MOVE): 0:(1052.9307,47.14193)
:Sending Touch (ACTION_MOVE): 0:(1047.6543,38.78469)
:Sending Touch (ACTION_MOVE): 0:(1041.3112,38.382465)
:Sending Touch (ACTION_UP): 0:(1037.9353,38.38072)
Sleeping for 500 milliseconds
:Sending Trackball (ACTION_MOVE): 0:(-5.0,3.0)
:Sending Trackball (ACTION_MOVE): 0:(-2.0,4.0)
:Sending Trackball (ACTION_MOVE): 0:(3.0,3.0)
:Sending Trackball (ACTION_MOVE): 0:(1.0,0.0)
:Sending Trackball (ACTION_MOVE): 0:(1.0,-1.0)
:Sending Trackball (ACTION_MOVE): 0:(-2.0,-1.0)
:Sending Trackball (ACTION_MOVE): 0:(-1.0,0.0)
:Sending Trackball (ACTION_MOVE): 0:(3.0,2.0)
:Sending Trackball (ACTION_MOVE): 0:(-4.0,1.0)
:Sending Trackball (ACTION_MOVE): 0:(0.0,0.0)
:Sending Key (ACTION_DOWN): 24    // KEYCODE_VOLUME_UP
:Sending Key (ACTION_UP): 24    // KEYCODE_VOLUME_UP
Sleeping for 500 milliseconds
:Sending Trackball (ACTION_MOVE): 0:(0.0,1.0)
:Sending Trackball (ACTION_MOVE): 0:(-3.0,0.0)
:Sending Trackball (ACTION_MOVE): 0:(0.0,-5.0)
:Sending Trackball (ACTION_MOVE): 0:(-4.0,-5.0)
:Sending Trackball (ACTION_MOVE): 0:(-4.0,4.0)
:Sending Trackball (ACTION_MOVE): 0:(3.0,-2.0)
:Sending Trackball (ACTION_MOVE): 0:(-2.0,-1.0)
:Sending Trackball (ACTION_MOVE): 0:(1.0,3.0)
:Sending Trackball (ACTION_MOVE): 0:(4.0,-5.0)
:Sending Trackball (ACTION_MOVE): 0:(1.0,-1.0)
:Sending Trackball (ACTION_DOWN): 0:(0.0,0.0)
:Sending Trackball (ACTION_UP): 0:(0.0,0.0)
Sleeping for 500 milliseconds
:Sending Key (ACTION_DOWN): 21    // KEYCODE_DPAD_LEFT
:Sending Key (ACTION_UP): 21    // KEYCODE_DPAD_LEFT
Sleeping for 500 milliseconds
:Sending Key (ACTION_DOWN): 19    // KEYCODE_DPAD_UP
:Sending Key (ACTION_UP): 19    // KEYCODE_DPAD_UP
Sleeping for 500 milliseconds
:Sending Trackball (ACTION_MOVE): 0:(-2.0,-2.0)
:Sending Trackball (ACTION_MOVE): 0:(-1.0,2.0)
:Sending Trackball (ACTION_MOVE): 0:(1.0,0.0)
:Sending Trackball (ACTION_MOVE): 0:(2.0,4.0)
:Sending Trackball (ACTION_MOVE): 0:(-3.0,-3.0)
:Sending Trackball (ACTION_MOVE): 0:(-5.0,3.0)
:Sending Trackball (ACTION_MOVE): 0:(4.0,2.0)
:Sending Trackball (ACTION_MOVE): 0:(-4.0,-5.0)
:Sending Trackball (ACTION_MOVE): 0:(-3.0,2.0)
:Sending Trackball (ACTION_MOVE): 0:(-3.0,0.0)
:Sending Touch (ACTION_DOWN): 0:(1145.0,117.0)
:Sending Touch (ACTION_UP): 0:(1141.6824,117.91222)
Sleeping for 500 milliseconds
:Sending Key (ACTION_DOWN): 238    // KEYCODE_TV_SATELLITE_BS
:Sending Key (ACTION_UP): 238    // KEYCODE_TV_SATELLITE_BS
Sleeping for 500 milliseconds
:Sending Trackball (ACTION_MOVE): 0:(-3.0,2.0)
:Sending Trackball (ACTION_MOVE): 0:(-5.0,4.0)
:Sending Trackball (ACTION_MOVE): 0:(-2.0,-1.0)
:Sending Trackball (ACTION_MOVE): 0:(3.0,1.0)
:Sending Trackball (ACTION_MOVE): 0:(0.0,-5.0)
:Sending Trackball (ACTION_MOVE): 0:(-3.0,-3.0)
:Sending Trackball (ACTION_MOVE): 0:(0.0,3.0)
:Sending Trackball (ACTION_MOVE): 0:(1.0,1.0)
:Sending Trackball (ACTION_MOVE): 0:(4.0,-5.0)
:Sending Trackball (ACTION_MOVE): 0:(-4.0,1.0)
:Sending Flip keyboardOpen=false
Got IOException performing flipjava.io.IOException: write failed: EINVAL (Invalid argument)
    // Injection Failed
Sleeping for 500 milliseconds
:Sending Key (ACTION_DOWN): 21    // KEYCODE_DPAD_LEFT
:Sending Key (ACTION_UP): 21    // KEYCODE_DPAD_LEFT
Sleeping for 500 milliseconds
:Sending Key (ACTION_DOWN): 20    // KEYCODE_DPAD_DOWN
:Sending Key (ACTION_UP): 20    // KEYCODE_DPAD_DOWN
Sleeping for 500 milliseconds
:Sending Key (ACTION_DOWN): 82    // KEYCODE_MENU
:Sending Key (ACTION_UP): 82    // KEYCODE_MENU
Sleeping for 500 milliseconds
:Sending Key (ACTION_DOWN): 196    // KEYCODE_BUTTON_9
    //[calendar_time:2016-05-25 17:37:22.101  system_uptime:26034260]
    // Sending event #200
:Sending Key (ACTION_UP): 196    // KEYCODE_BUTTON_9
Sleeping for 500 milliseconds
:Sending Trackball (ACTION_MOVE): 0:(-1.0,3.0)
:Sending Trackball (ACTION_MOVE): 0:(-5.0,-4.0)
:Sending Trackball (ACTION_MOVE): 0:(2.0,4.0)
:Sending Trackball (ACTION_MOVE): 0:(-3.0,2.0)
:Sending Trackball (ACTION_MOVE): 0:(-5.0,1.0)
:Sending Trackball (ACTION_MOVE): 0:(-2.0,-5.0)
:Sending Trackball (ACTION_MOVE): 0:(-5.0,-3.0)
:Sending Trackball (ACTION_MOVE): 0:(1.0,-1.0)
:Sending Trackball (ACTION_MOVE): 0:(2.0,-5.0)
:Sending Trackball (ACTION_MOVE): 0:(-1.0,-5.0)
:Sending Trackball (ACTION_MOVE): 0:(-2.0,-4.0)
:Sending Trackball (ACTION_MOVE): 0:(-2.0,2.0)
:Sending Trackball (ACTION_MOVE): 0:(4.0,-5.0)
:Sending Trackball (ACTION_MOVE): 0:(-5.0,2.0)
:Sending Trackball (ACTION_MOVE): 0:(3.0,4.0)
:Sending Trackball (ACTION_MOVE): 0:(-1.0,-1.0)
:Sending Trackball (ACTION_MOVE): 0:(-2.0,-5.0)
:Sending Trackball (ACTION_MOVE): 0:(-3.0,0.0)
:Sending Trackball (ACTION_MOVE): 0:(-5.0,-2.0)
:Sending Trackball (ACTION_MOVE): 0:(1.0,-4.0)
:Sending Touch (ACTION_DOWN): 0:(925.0,2338.0)
:Sending Touch (ACTION_UP): 0:(930.2293,2337.2458)
Sleeping for 500 milliseconds
:Sending Key (ACTION_DOWN): 82    // KEYCODE_MENU
:Sending Key (ACTION_UP): 82    // KEYCODE_MENU
Sleeping for 500 milliseconds
:Sending Key (ACTION_DOWN): 23    // KEYCODE_DPAD_CENTER
:Sending Key (ACTION_UP): 23    // KEYCODE_DPAD_CENTER
Sleeping for 500 milliseconds
:Sending Key (ACTION_DOWN): 19    // KEYCODE_DPAD_UP
:Sending Key (ACTION_UP): 19    // KEYCODE_DPAD_UP
Sleeping for 500 milliseconds
:Sending Key (ACTION_DOWN): 142    // KEYCODE_F12
:Sending Key (ACTION_UP): 142    // KEYCODE_F12
Sleeping for 500 milliseconds
:Sending Key (ACTION_DOWN): 23    // KEYCODE_DPAD_CENTER
:Sending Key (ACTION_UP): 23    // KEYCODE_DPAD_CENTER
Sleeping for 500 milliseconds
:Sending Key (ACTION_DOWN): 20    // KEYCODE_DPAD_DOWN
:Sending Key (ACTION_UP): 20    // KEYCODE_DPAD_DOWN
Sleeping for 500 milliseconds
:Sending Key (ACTION_DOWN): 21    // KEYCODE_DPAD_LEFT
:Sending Key (ACTION_UP): 21    // KEYCODE_DPAD_LEFT
Sleeping for 500 milliseconds
:Sending Touch (ACTION_DOWN): 0:(548.0,1432.0)
:Sending Touch (ACTION_UP): 0:(551.339,1430.585)
Sleeping for 500 milliseconds
:Sending Key (ACTION_DOWN): 23    // KEYCODE_DPAD_CENTER
:Sending Key (ACTION_UP): 23    // KEYCODE_DPAD_CENTER
Sleeping for 500 milliseconds
:Sending Key (ACTION_DOWN): 20    // KEYCODE_DPAD_DOWN
:Sending Key (ACTION_UP): 20    // KEYCODE_DPAD_DOWN
Sleeping for 500 milliseconds
:Sending Touch (ACTION_DOWN): 0:(1430.0,1628.0)
:Sending Touch (ACTION_UP): 0:(1438.3835,1643.182)
Sleeping for 500 milliseconds
:Sending Key (ACTION_DOWN): 125    // KEYCODE_FORWARD
:Sending Key (ACTION_UP): 125    // KEYCODE_FORWARD
Sleeping for 500 milliseconds
:Sending Trackball (ACTION_MOVE): 0:(-1.0,-2.0)
:Sending Trackball (ACTION_MOVE): 0:(3.0,-1.0)
:Sending Trackball (ACTION_MOVE): 0:(-2.0,4.0)
:Sending Trackball (ACTION_MOVE): 0:(-4.0,-2.0)
:Sending Trackball (ACTION_MOVE): 0:(2.0,0.0)
:Sending Trackball (ACTION_MOVE): 0:(-2.0,-2.0)
:Sending Trackball (ACTION_MOVE): 0:(-3.0,3.0)
:Sending Trackball (ACTION_MOVE): 0:(-3.0,0.0)
:Sending Trackball (ACTION_MOVE): 0:(-4.0,1.0)
:Sending Trackball (ACTION_MOVE): 0:(3.0,2.0)
:Sending Trackball (ACTION_MOVE): 0:(4.0,4.0)
:Sending Trackball (ACTION_MOVE): 0:(-2.0,-2.0)
:Sending Trackball (ACTION_MOVE): 0:(-5.0,-1.0)
:Sending Trackball (ACTION_MOVE): 0:(-4.0,-2.0)
:Sending Trackball (ACTION_MOVE): 0:(-2.0,2.0)
:Sending Trackball (ACTION_MOVE): 0:(2.0,-3.0)
:Sending Trackball (ACTION_MOVE): 0:(-4.0,-3.0)
:Sending Trackball (ACTION_MOVE): 0:(-4.0,3.0)
:Sending Trackball (ACTION_MOVE): 0:(2.0,0.0)
:Sending Trackball (ACTION_MOVE): 0:(1.0,0.0)
:Sending Trackball (ACTION_DOWN): 0:(0.0,0.0)
:Sending Trackball (ACTION_UP): 0:(0.0,0.0)
Sleeping for 500 milliseconds
:Sending Key (ACTION_DOWN): 189    // KEYCODE_BUTTON_2
:Sending Key (ACTION_UP): 189    // KEYCODE_BUTTON_2
Sleeping for 500 milliseconds
:Sending Key (ACTION_DOWN): 163    // KEYCODE_NUMPAD_RIGHT_PAREN
:Sending Key (ACTION_UP): 163    // KEYCODE_NUMPAD_RIGHT_PAREN
Sleeping for 500 milliseconds
:Sending Key (ACTION_DOWN): 20    // KEYCODE_DPAD_DOWN
:Sending Key (ACTION_UP): 20    // KEYCODE_DPAD_DOWN
Sleeping for 500 milliseconds
:Sending Key (ACTION_DOWN): 23    // KEYCODE_DPAD_CENTER
:Sending Key (ACTION_UP): 23    // KEYCODE_DPAD_CENTER
Sleeping for 500 milliseconds
:Sending Key (ACTION_DOWN): 82    // KEYCODE_MENU
:Sending Key (ACTION_UP): 82    // KEYCODE_MENU
Sleeping for 500 milliseconds
:Sending Trackball (ACTION_MOVE): 0:(3.0,4.0)
:Sending Trackball (ACTION_MOVE): 0:(3.0,-3.0)
:Sending Trackball (ACTION_MOVE): 0:(-1.0,-5.0)
:Sending Trackball (ACTION_MOVE): 0:(-3.0,2.0)
:Sending Trackball (ACTION_MOVE): 0:(0.0,2.0)
:Sending Trackball (ACTION_MOVE): 0:(4.0,-5.0)
:Sending Trackball (ACTION_MOVE): 0:(-1.0,0.0)
:Sending Trackball (ACTION_MOVE): 0:(2.0,2.0)
:Sending Trackball (ACTION_MOVE): 0:(-1.0,4.0)
:Sending Trackball (ACTION_MOVE): 0:(-3.0,3.0)
:Sending Trackball (ACTION_MOVE): 0:(3.0,2.0)
:Sending Trackball (ACTION_MOVE): 0:(-5.0,0.0)
:Sending Trackball (ACTION_MOVE): 0:(-2.0,-4.0)
:Sending Trackball (ACTION_MOVE): 0:(1.0,-1.0)
:Sending Trackball (ACTION_MOVE): 0:(0.0,-3.0)
:Sending Trackball (ACTION_MOVE): 0:(-3.0,2.0)
:Sending Trackball (ACTION_MOVE): 0:(1.0,2.0)
:Sending Trackball (ACTION_MOVE): 0:(3.0,4.0)
:Sending Trackball (ACTION_MOVE): 0:(1.0,-5.0)
:Sending Trackball (ACTION_MOVE): 0:(4.0,-4.0)
:Sending Touch (ACTION_DOWN): 0:(1333.0,707.0)
Events injected: 300
:Sending rotation degree=0, persist=false
:Dropped: keys=0 pointers=0 trackballs=0 flips=3 rotations=0
## Network stats: elapsed time=34116ms (0ms mobile, 0ms wifi, 34116ms not connected)
// Monkey finished
